#
# A fatal error has been detected by the Java Runtime Environment:
#
#  EXCEPTION_ACCESS_VIOLATION (0xc0000005) at pc=0x00007fff83fc51c9, pid=18024, tid=8836
#
# JRE version: OpenJDK Runtime Environment Temurin-17.0.7+7 (17.0.7+7) (build 17.0.7+7)
# Java VM: OpenJDK 64-Bit Server VM Temurin-17.0.7+7 (17.0.7+7, mixed mode, tiered, compressed oops, compressed class ptrs, parallel gc, windows-amd64)
# Problematic frame:
# V  [jvm.dll+0x6b51c9]
#
# No core dump will be written. Minidumps are not enabled by default on client versions of Windows
#
# If you would like to submit a bug report, please visit:
#   https://github.com/adoptium/adoptium-support/issues
#

---------------  S U M M A R Y ------------

Command Line: --add-modules=ALL-SYSTEM --add-opens=java.base/java.util=ALL-UNNAMED --add-opens=java.base/java.lang=ALL-UNNAMED --add-opens=java.base/sun.nio.fs=ALL-UNNAMED -Declipse.application=org.eclipse.jdt.ls.core.id1 -Dosgi.bundles.defaultStartLevel=4 -Declipse.product=org.eclipse.jdt.ls.core.product -Djava.import.generatesMetadataFilesAtProjectRoot=false -Dfile.encoding=utf8 -XX:+UseParallelGC -XX:GCTimeRatio=4 -XX:AdaptiveSizePolicyWeight=90 -Dsun.zip.disableMemoryMapping=true -Xmx1G -Xms100m -Xlog:disable -javaagent:c:\Users\ysfak\.vscode\extensions\redhat.java-1.18.0-win32-x64\lombok\lombok-1.18.27.jar -XX:+HeapDumpOnOutOfMemoryError -XX:HeapDumpPath=c:\Users\ysfak\AppData\Roaming\Code\User\workspaceStorage\ca28efd1694e7da4bbca29c777e59bae\redhat.java -Daether.dependencyCollector.impl=bf c:\Users\ysfak\.vscode\extensions\redhat.java-1.18.0-win32-x64\server\plugins\org.eclipse.equinox.launcher_1.6.400.v20210924-0641.jar -configuration c:\Users\ysfak\AppData\Roaming\Code\User\globalStorage\redhat.java\1.18.0\config_win -data c:\Users\ysfak\AppData\Roaming\Code\User\workspaceStorage\ca28efd1694e7da4bbca29c777e59bae\redhat.java\jdt_ws

Host: Intel(R) Core(TM) i5-8265U CPU @ 1.60GHz, 8 cores, 7G,  Windows 11 , 64 bit Build 22621 (10.0.22621.1635)
Time: Fri May 19 18:01:07 2023 Türkiye Standart Saati elapsed time: 4116.541425 seconds (0d 1h 8m 36s)

---------------  T H R E A D  ---------------

Current thread (0x000002939fabad20):  GCTaskThread "GC Thread#5" [stack: 0x000000fc7ae00000,0x000000fc7af00000] [id=8836]

Stack: [0x000000fc7ae00000,0x000000fc7af00000],  sp=0x000000fc7aeffb60,  free space=1022k
Native frames: (J=compiled Java code, j=interpreted, Vv=VM code, C=native code)
V  [jvm.dll+0x6b51c9]
V  [jvm.dll+0x6b7dbd]
V  [jvm.dll+0x6b82af]
V  [jvm.dll+0x860ffb]
V  [jvm.dll+0x861046]
V  [jvm.dll+0x7e4e7a]
V  [jvm.dll+0x676395]
C  [ucrtbase.dll+0x29363]
C  [KERNEL32.DLL+0x126ad]
C  [ntdll.dll+0x5a9f8]


siginfo: EXCEPTION_ACCESS_VIOLATION (0xc0000005), reading address 0x00000000eeb1cf50


Register to memory mapping:

RIP=0x00007fff83fc51c9 jvm.dll
RAX=0x0000000000000032 is an unknown value
RBX=0x00000000eaf1a765 points into unknown readable memory: cf b1 ee
RCX=0x0 is NULL
RDX=0x00000000eeb1cf50 is an unallocated location in the heap
RSP=0x000000fc7aeffb60 points into unknown readable memory: 0x000002938554b400 | 00 b4 54 85 93 02 00 00
RBP=0x000000fc7aeffca9 points into unknown readable memory: 00 00 00 00 00 00 00
RSI=0x00000000eaf1a764 points into unknown readable memory: 50 cf b1 ee
RDI=0x000002938554b400 points into unknown readable memory: 0x00007fff842c0578 | 78 05 2c 84 ff 7f 00 00
R8 =0x00000001000538a0 is a pointer to class: 
java.util.ArrayList {0x00000001000538a8}
 - instance size:     3
 - klass size:        164
 - access:            public synchronized 
 - state:             fully_initialized
 - name:              'java/util/ArrayList'
 - super:             'java/util/AbstractList'
 - sub:               'org/jsoup/select/Elements'   'org/jsoup/helper/ChangeNotifyingArrayList'   'org/jsoup/parser/ParseErrorList'   'org/eclipse/sisu/bean/BeanScheduler$Pending'   (1 more klasses...)
 - arrays:            'java/util/ArrayList'[]
 - methods:           Array<T>(0x000002939a0d4e18)
 - method ordering:   Array<T>(0x000002939a000018)
 - default_methods:   Array<T>(0x000002939a0da630)
 - default vtable indices:   Array<T>(0x000002939a0da650)
 - local interfaces:  Array<T>(0x000002939a0d16a0)
 - trans. interfaces: Array<T>(0x000002939a0da5f8)
 - constants:         constant pool [415] {0x000002939a0d0828} for 'java/util/ArrayList' cache=0x000002939a236550
 - class loader data:  loader data: 0x00000293854a80e0 of 'bootstrap'
 - class annotations:       Array<T>(0x0000000000000000)
 - class type annotations:  Array<T>(0x0000000000000000)
 - field annotations:       Array<T>(0x0000000000000000)
 - field type annotations:  Array<T>(0x0000000000000000)
 - generic signature: '<E:Ljava/lang/Object;>Ljava/util/AbstractList<TE;>;Ljava/util/List<TE;>;Ljava/util/RandomAccess;Ljava/lang/Cloneable;Ljava/io/Serializable;'
 - inner classes:     Array<T>(0x000002939a0d7ca0)
 - nest members:     Array<T>(0x000002939a0d7ce0)
 - permitted subclasses:     Array<T>(0x000002939a000028)
 - java mirror:       a 'java/lang/Class'{0x00000000c01232a8} = 'java/util/ArrayList'
 - vtable length      47  (start addr: 0x0000000100053a68)
 - itable length      59 (start addr: 0x0000000100053be0)
 - ---- static fields (3 words):
 - private static final 'serialVersionUID' 'J' @120 
 - private static final 'DEFAULT_CAPACITY' 'I' @128 
 - private static final 'EMPTY_ELEMENTDATA' '[Ljava/lang/Object;' @112 
 - private static final 'DEFAULTCAPACITY_EMPTY_ELEMENTDATA' '[Ljava/lang/Object;' @116 
 - ---- non-static fields (3 words):
 - protected transient 'modCount' 'I' @12 
 - private 'size' 'I' @16 
 - transient 'elementData' '[Ljava/lang/Object;' @20 
 - non-static oop maps: 20-20 
R9 =0x00007fff84424710 jvm.dll
R10=0x0 is NULL
R11=0x000002938554b400 points into unknown readable memory: 0x00007fff842c0578 | 78 05 2c 84 ff 7f 00 00
R12=0x0 is NULL
R13=0x0000000000000010 is an unknown value
R14=0x0000000000000020 is an unknown value
R15=0x000000000000000c is an unknown value


Registers:
RAX=0x0000000000000032, RBX=0x00000000eaf1a765, RCX=0x0000000000000000, RDX=0x00000000eeb1cf50
RSP=0x000000fc7aeffb60, RBP=0x000000fc7aeffca9, RSI=0x00000000eaf1a764, RDI=0x000002938554b400
R8 =0x00000001000538a0, R9 =0x00007fff84424710, R10=0x0000000000000000, R11=0x000002938554b400
R12=0x0000000000000000, R13=0x0000000000000010, R14=0x0000000000000020, R15=0x000000000000000c
RIP=0x00007fff83fc51c9, EFLAGS=0x0000000000010206

Top of Stack: (sp=0x000000fc7aeffb60)
0x000000fc7aeffb60:   000002938554b400 00000293a339f048
0x000000fc7aeffb70:   0000000000000001 00007fff83fc6a50
0x000000fc7aeffb80:   000002938554b400 00000293a339f000
0x000000fc7aeffb90:   000000fc7aeffc98 000000fc79bff0e8
0x000000fc7aeffba0:   0000000000000020 000002939e941fc0
0x000000fc7aeffbb0:   0000000000000005 0000000000000001
0x000000fc7aeffbc0:   000000fc79bff140 000000fc7aeffca9
0x000000fc7aeffbd0:   000002938554b400 00007fff83fc7dbd
0x000000fc7aeffbe0:   0000000000000005 000000fc79bfef01
0x000000fc7aeffbf0:   0000000000000001 000000fc7aeffca9
0x000000fc7aeffc00:   000000fc79bfefe0 00007fff83fc82af
0x000000fc7aeffc10:   0000000000000000 000000fc7aeffca9
0x000000fc7aeffc20:   000000fc79bff120 0000000000000001
0x000000fc7aeffc30:   000002938554b400 40b013e100000001
0x000000fc7aeffc40:   0000000000000008 00007fff84424890
0x000000fc7aeffc50:   0000000100000002 000002938554b400 

Instructions: (pc=0x00007fff83fc51c9)
0x00007fff83fc50c9:   44 3b b7 fc 05 00 00 7e 20 41 8b ee 48 8b cf 2b
0x00007fff83fc50d9:   af f8 05 00 00 84 d2 48 8b d3 49 0f 45 c7 89 6c
0x00007fff83fc50e9:   03 fe e8 40 1f ff ff eb 17 84 d2 41 8b ec 49 0f
0x00007fff83fc50f9:   45 c0 8b 0c 06 49 8b c5 49 0f 45 c0 89 4c 03 fe
0x00007fff83fc5109:   44 38 25 7e 64 4b 00 b9 18 00 00 00 48 63 c5 74
0x00007fff83fc5119:   4b 44 38 25 6e 64 4b 00 49 0f 45 cd 48 03 ce 4a
0x00007fff83fc5129:   8d 34 b1 48 8d 1c 81 48 3b de 0f 83 a7 fe ff ff
0x00007fff83fc5139:   0f 1f 80 00 00 00 00 8b 03 48 3b 05 37 03 4d 00
0x00007fff83fc5149:   72 0c 48 8d 53 01 48 8b cf e8 d9 1e ff ff 48 83
0x00007fff83fc5159:   c3 04 48 3b de 72 e0 e9 7b fe ff ff 44 38 25 23
0x00007fff83fc5169:   64 4b 00 49 0f 45 cd 48 03 ce 4a 8d 34 f1 48 8d
0x00007fff83fc5179:   1c c1 48 3b de 0f 83 5c fe ff ff 48 8b 05 ed 02
0x00007fff83fc5189:   4d 00 48 39 03 72 0b 48 8b d3 48 8b cf e8 95 1e
0x00007fff83fc5199:   ff ff 48 83 c3 08 48 3b de 72 e0 e9 37 fe ff ff
0x00007fff83fc51a9:   f6 c3 01 0f 84 ac 00 00 00 8b 53 ff 48 8d 73 ff
0x00007fff83fc51b9:   8b 0d 29 a1 44 00 48 d3 e2 48 03 15 17 a1 44 00
0x00007fff83fc51c9:   48 8b 1a 0f b6 c3 24 03 3c 03 74 10 4c 8b c3 48
0x00007fff83fc51d9:   8b cf e8 e0 f0 ff ff 48 8b d8 eb 1b 44 38 25 64
0x00007fff83fc51e9:   64 4b 00 74 0e 0f b6 c3 24 07 3c 05 75 05 49 8b
0x00007fff83fc51f9:   dc eb 04 48 83 e3 fc 8b 0d e2 a0 44 00 48 8b c3
0x00007fff83fc5209:   48 2b 05 d0 a0 44 00 48 d3 e8 89 06 48 3b 35 5c
0x00007fff83fc5219:   02 4d 00 0f 83 be fd ff ff 48 8b 0d 7f cd 4e 00
0x00007fff83fc5229:   48 8b d6 e8 0f de fc ff 84 c0 0f 84 a7 fd ff ff
0x00007fff83fc5239:   48 3b 1d 38 02 4d 00 0f 82 9a fd ff ff 48 8b 05
0x00007fff83fc5249:   1b 02 4d 00 48 c1 ee 09 48 8b 48 40 c6 04 0e 03
0x00007fff83fc5259:   e9 82 fd ff ff 48 8b 13 48 8b 32 40 0f b6 c6 24
0x00007fff83fc5269:   03 3c 03 74 10 4c 8b c6 48 8b cf e8 47 f0 ff ff
0x00007fff83fc5279:   48 8b f0 eb 1c 44 38 25 cb 63 4b 00 74 0f 40 0f
0x00007fff83fc5289:   b6 c6 24 07 3c 05 75 05 49 8b f4 eb 04 48 83 e6
0x00007fff83fc5299:   fc 48 89 33 48 3b 1d d4 01 4d 00 0f 83 36 fd ff
0x00007fff83fc52a9:   ff 48 8b 0d f7 cc 4e 00 48 8b d3 e8 87 dd fc ff
0x00007fff83fc52b9:   84 c0 0f 84 1f fd ff ff 48 3b 35 b0 01 4d 00 0f 


Stack slot to memory mapping:
stack at sp + 0 slots: 0x000002938554b400 points into unknown readable memory: 0x00007fff842c0578 | 78 05 2c 84 ff 7f 00 00
stack at sp + 1 slots: 0x00000293a339f048 points into unknown readable memory: 0x0000000000000000 | 00 00 00 00 00 00 00 00
stack at sp + 2 slots: 0x0000000000000001 is an unknown value
stack at sp + 3 slots: 0x00007fff83fc6a50 jvm.dll
stack at sp + 4 slots: 0x000002938554b400 points into unknown readable memory: 0x00007fff842c0578 | 78 05 2c 84 ff 7f 00 00
stack at sp + 5 slots: 0x00000293a339f000 points into unknown readable memory: 0x000002939f639b30 | 30 9b 63 9f 93 02 00 00
stack at sp + 6 slots: 0x000000fc7aeffc98 points into unknown readable memory: 0x00007fff842c0818 | 18 08 2c 84 ff 7f 00 00
stack at sp + 7 slots: 0x000000fc79bff0e8 points into unknown readable memory: 0x00000293854a8ff0 | f0 8f 4a 85 93 02 00 00


---------------  P R O C E S S  ---------------

Threads class SMR info:
_java_thread_list=0x00000293a1acbff0, length=33, elements={
0x000002938548bb50, 0x000002939e586150, 0x00000293992fab10, 0x000002939e58efc0,
0x000002939e5b5010, 0x000002939e5b6070, 0x000002939e5bb990, 0x000002939e5c0220,
0x000002939e5c12c0, 0x000002939e5ca390, 0x000002939e75d1f0, 0x000002939e75ea00,
0x000002939e75cd20, 0x000002939e75fd40, 0x000002939e75e060, 0x000002939e75e530,
0x000002939e75eed0, 0x00000293a0fca050, 0x00000293a0fcb860, 0x00000293a0fcc6d0,
0x00000293a0fca520, 0x00000293a26613a0, 0x00000293a0fcb390, 0x00000293a2661d40,
0x000002939f639b30, 0x000002939f638320, 0x000002939f63e360, 0x000002939f639190,
0x000002939f63c1b0, 0x000002939f639660, 0x000002939f63a4d0, 0x000002939f63a9a0,
0x000002939f63cb50
}

Java Threads: ( => current thread )
  0x000002938548bb50 JavaThread "main" [_thread_blocked, id=1572, stack(0x000000fc79900000,0x000000fc79a00000)]
  0x000002939e586150 JavaThread "Reference Handler" daemon [_thread_blocked, id=25784, stack(0x000000fc79c00000,0x000000fc79d00000)]
  0x00000293992fab10 JavaThread "Finalizer" daemon [_thread_blocked, id=29640, stack(0x000000fc79d00000,0x000000fc79e00000)]
  0x000002939e58efc0 JavaThread "Signal Dispatcher" daemon [_thread_blocked, id=29224, stack(0x000000fc79e00000,0x000000fc79f00000)]
  0x000002939e5b5010 JavaThread "Attach Listener" daemon [_thread_blocked, id=10916, stack(0x000000fc79f00000,0x000000fc7a000000)]
  0x000002939e5b6070 JavaThread "Service Thread" daemon [_thread_blocked, id=28276, stack(0x000000fc7a000000,0x000000fc7a100000)]
  0x000002939e5bb990 JavaThread "Monitor Deflation Thread" daemon [_thread_blocked, id=17420, stack(0x000000fc7a100000,0x000000fc7a200000)]
  0x000002939e5c0220 JavaThread "C2 CompilerThread0" daemon [_thread_blocked, id=10036, stack(0x000000fc7a200000,0x000000fc7a300000)]
  0x000002939e5c12c0 JavaThread "C1 CompilerThread0" daemon [_thread_blocked, id=29388, stack(0x000000fc7a300000,0x000000fc7a400000)]
  0x000002939e5ca390 JavaThread "Sweeper thread" daemon [_thread_blocked, id=29632, stack(0x000000fc7a400000,0x000000fc7a500000)]
  0x000002939e75d1f0 JavaThread "Common-Cleaner" daemon [_thread_blocked, id=17224, stack(0x000000fc7a500000,0x000000fc7a600000)]
  0x000002939e75ea00 JavaThread "Notification Thread" daemon [_thread_blocked, id=14228, stack(0x000000fc7a700000,0x000000fc7a800000)]
  0x000002939e75cd20 JavaThread "Active Thread: Equinox Container: 2786686d-1565-4adf-9271-fe4e4c58aad6" [_thread_blocked, id=13344, stack(0x000000fc7b000000,0x000000fc7b100000)]
  0x000002939e75fd40 JavaThread "Framework Event Dispatcher: Equinox Container: 2786686d-1565-4adf-9271-fe4e4c58aad6" daemon [_thread_blocked, id=28160, stack(0x000000fc7b100000,0x000000fc7b200000)]
  0x000002939e75e060 JavaThread "Start Level: Equinox Container: 2786686d-1565-4adf-9271-fe4e4c58aad6" daemon [_thread_blocked, id=11884, stack(0x000000fc7b200000,0x000000fc7b300000)]
  0x000002939e75e530 JavaThread "SCR Component Actor" daemon [_thread_blocked, id=8896, stack(0x000000fc7b300000,0x000000fc7b400000)]
  0x000002939e75eed0 JavaThread "Worker-JM" [_thread_blocked, id=21628, stack(0x000000fc7b600000,0x000000fc7b700000)]
  0x00000293a0fca050 JavaThread "Java indexing" daemon [_thread_blocked, id=16196, stack(0x000000fc7ba00000,0x000000fc7bb00000)]
  0x00000293a0fcb860 JavaThread "JNA Cleaner" daemon [_thread_blocked, id=13012, stack(0x000000fc7bb00000,0x000000fc7bc00000)]
  0x00000293a0fcc6d0 JavaThread "pool-2-thread-1" [_thread_blocked, id=27800, stack(0x000000fc7bc00000,0x000000fc7bd00000)]
  0x00000293a0fca520 JavaThread "pool-1-thread-1" [_thread_in_native, id=15888, stack(0x000000fc7bd00000,0x000000fc7be00000)]
  0x00000293a26613a0 JavaThread "ForkJoinPool.commonPool-worker-4" daemon [_thread_blocked, id=29496, stack(0x000000fc7c300000,0x000000fc7c400000)]
  0x00000293a0fcb390 JavaThread "Bundle File Closer" daemon [_thread_blocked, id=16372, stack(0x000000fc79800000,0x000000fc79900000)]
  0x00000293a2661d40 JavaThread "ForkJoinPool.commonPool-worker-9" daemon [_thread_blocked, id=15840, stack(0x000000fc79700000,0x000000fc79800000)]
  0x000002939f639b30 JavaThread "Worker-27" [_thread_blocked, id=14768, stack(0x000000fc7b900000,0x000000fc7ba00000)]
  0x000002939f638320 JavaThread "Worker-28" [_thread_blocked, id=25244, stack(0x000000fc7bf00000,0x000000fc7c000000)]
  0x000002939f63e360 JavaThread "ForkJoinPool.commonPool-worker-18" daemon [_thread_blocked, id=19332, stack(0x000000fc79600000,0x000000fc79700000)]
  0x000002939f639190 JavaThread "ForkJoinPool.commonPool-worker-19" daemon [_thread_blocked, id=21916, stack(0x000000fc7a600000,0x000000fc7a700000)]
  0x000002939f63c1b0 JavaThread "ForkJoinPool.commonPool-worker-20" daemon [_thread_blocked, id=20696, stack(0x000000fc7a900000,0x000000fc7aa00000)]
  0x000002939f639660 JavaThread "ForkJoinPool.commonPool-worker-21" daemon [_thread_blocked, id=20980, stack(0x000000fc7b500000,0x000000fc7b600000)]
  0x000002939f63a4d0 JavaThread "ForkJoinPool.commonPool-worker-22" daemon [_thread_blocked, id=23228, stack(0x000000fc7b700000,0x000000fc7b800000)]
  0x000002939f63a9a0 JavaThread "Worker-29" [_thread_blocked, id=15760, stack(0x000000fc7b800000,0x000000fc7b900000)]
  0x000002939f63cb50 JavaThread "pool-1-thread-13" [_thread_blocked, id=1340, stack(0x000000fc7be00000,0x000000fc7bf00000)]

Other Threads:
  0x000002939e571c30 VMThread "VM Thread" [stack: 0x000000fc79b00000,0x000000fc79c00000] [id=21140]
  0x000002939e944290 WatcherThread [stack: 0x000000fc7a800000,0x000000fc7a900000] [id=18548]
  0x00000293854a0e20 GCTaskThread "GC Thread#0" [stack: 0x000000fc79a00000,0x000000fc79b00000] [id=9112]
  0x000002939faba050 GCTaskThread "GC Thread#1" [stack: 0x000000fc7aa00000,0x000000fc7ab00000] [id=26540]
  0x000002939faba510 GCTaskThread "GC Thread#2" [stack: 0x000000fc7ab00000,0x000000fc7ac00000] [id=26972]
  0x000002939faba7c0 GCTaskThread "GC Thread#3" [stack: 0x000000fc7ac00000,0x000000fc7ad00000] [id=22684]
  0x000002939fabaa70 GCTaskThread "GC Thread#4" [stack: 0x000000fc7ad00000,0x000000fc7ae00000] [id=8592]
=>0x000002939fabad20 GCTaskThread "GC Thread#5" [stack: 0x000000fc7ae00000,0x000000fc7af00000] [id=8836]
  0x000002939fabafd0 GCTaskThread "GC Thread#6" [stack: 0x000000fc7af00000,0x000000fc7b000000] [id=23796]
  0x00000293a04fb6b0 GCTaskThread "GC Thread#7" [stack: 0x000000fc7b400000,0x000000fc7b500000] [id=1760]

Threads with active compile tasks:

VM state: at safepoint (normal execution)

VM Mutex/Monitor currently owned by a thread:  ([mutex/lock_event])
[0x0000029385488720] Threads_lock - owner thread: 0x000002939e571c30
[0x0000029385487be0] Heap_lock - owner thread: 0x00000293a2661d40

Heap address: 0x00000000c0000000, size: 1024 MB, Compressed Oops mode: 32-bit

CDS archive(s) not mapped
Compressed class space mapped at: 0x0000000100000000-0x0000000140000000, reserved size: 1073741824
Narrow klass base: 0x0000000000000000, Narrow klass shift: 3, Narrow klass range: 0x140000000

GC Precious Log:
 CPUs: 8 total, 8 available
 Memory: 8072M
 Large Page Support: Disabled
 NUMA Support: Disabled
 Compressed Oops: Enabled (32-bit)
 Alignments: Space 512K, Generation 512K, Heap 2M
 Heap Min Capacity: 100M
 Heap Initial Capacity: 100M
 Heap Max Capacity: 1G
 Pre-touch: Disabled
 Parallel Workers: 8

Heap:
 PSYoungGen      total 3072K, used 3008K [0x00000000eab00000, 0x00000000eaf80000, 0x0000000100000000)
  eden space 2048K, 100% used [0x00000000eab00000,0x00000000ead00000,0x00000000ead00000)
  from space 1024K, 93% used [0x00000000eae00000,0x00000000eaef0000,0x00000000eaf00000)
  to   space 512K, 100% used [0x00000000eaf00000,0x00000000eaf80000,0x00000000eaf80000)
 ParOldGen       total 120832K, used 113453K [0x00000000c0000000, 0x00000000c7600000, 0x00000000eab00000)
  object space 120832K, 93% used [0x00000000c0000000,0x00000000c6ecb538,0x00000000c7600000)
 Metaspace       used 88979K, committed 90048K, reserved 1179648K
  class space    used 8594K, committed 9024K, reserved 1048576K

Card table byte_map: [0x0000029384e30000,0x0000029385040000] _byte_map_base: 0x0000029384830000

Marking Bits: (ParMarkBitMap*) 0x00007fff844952c0
 Begin Bits: [0x0000029397110000, 0x0000029398110000)
 End Bits:   [0x0000029398110000, 0x0000029399110000)

Polling page: 0x0000029383400000

Metaspace:

Usage:
  Non-class:     78.50 MB used.
      Class:      8.39 MB used.
       Both:     86.89 MB used.

Virtual space:
  Non-class space:      128.00 MB reserved,      79.12 MB ( 62%) committed,  2 nodes.
      Class space:        1.00 GB reserved,       8.81 MB ( <1%) committed,  1 nodes.
             Both:        1.12 GB reserved,      87.94 MB (  8%) committed. 

Chunk freelists:
   Non-Class:  368.00 KB
       Class:  7.19 MB
        Both:  7.55 MB

MaxMetaspaceSize: unlimited
CompressedClassSpaceSize: 1.00 GB
Initial GC threshold: 21.00 MB
Current GC threshold: 146.38 MB
CDS: off
MetaspaceReclaimPolicy: balanced
 - commit_granule_bytes: 65536.
 - commit_granule_words: 8192.
 - virtual_space_node_default_size: 8388608.
 - enlarge_chunks_in_place: 1.
 - new_chunks_are_fully_committed: 0.
 - uncommit_free_chunks: 1.
 - use_allocation_guard: 0.
 - handle_deallocations: 1.


Internal statistics:

num_allocs_failed_limit: 9.
num_arena_births: 652.
num_arena_deaths: 80.
num_vsnodes_births: 3.
num_vsnodes_deaths: 0.
num_space_committed: 1407.
num_space_uncommitted: 0.
num_chunks_returned_to_freelist: 99.
num_chunks_taken_from_freelist: 4394.
num_chunk_merges: 34.
num_chunk_splits: 2661.
num_chunks_enlarged: 1494.
num_inconsistent_stats: 0.

CodeHeap 'non-profiled nmethods': size=120000Kb used=30019Kb max_used=30407Kb free=89981Kb
 bounds [0x000002938fbe0000, 0x00000293919b0000, 0x0000029397110000]
CodeHeap 'profiled nmethods': size=120000Kb used=36313Kb max_used=37061Kb free=83686Kb
 bounds [0x0000029388110000, 0x000002938a580000, 0x000002938f640000]
CodeHeap 'non-nmethods': size=5760Kb used=1420Kb max_used=1530Kb free=4339Kb
 bounds [0x000002938f640000, 0x000002938f8b0000, 0x000002938fbe0000]
 total_blobs=19099 nmethods=18335 adapters=668
 compilation: enabled
              stopped_count=0, restarted_count=0
 full_count=0

Compilation events (20 events):
Event: 4111.924 Thread 0x000002939e5c0220 29933       4       org.eclipse.text.edits.TextEdit::traverseConsistencyCheck (82 bytes)
Event: 4111.928 Thread 0x000002939e5c0220 nmethod 29933 0x0000029390818010 code [0x00000293908181c0, 0x0000029390818538]
Event: 4113.794 Thread 0x000002939e5c0220 29934       4       org.eclipse.core.runtime.SubProgressMonitor::worked (7 bytes)
Event: 4113.796 Thread 0x000002939e5c0220 nmethod 29934 0x0000029391617d10 code [0x0000029391617ec0, 0x0000029391617ff8]
Event: 4114.086 Thread 0x000002939e5c0220 29935       4       org.eclipse.jdt.internal.compiler.parser.Parser::checkComment (273 bytes)
Event: 4114.103 Thread 0x000002939e5c0220 nmethod 29935 0x0000029390480490 code [0x0000029390480680, 0x0000029390480ba0]
Event: 4115.226 Thread 0x000002939e5c0220 29936       4       org.eclipse.jdt.ls.core.internal.contentassist.CompletionProposalRequestor::getCompletionItemDefaults (23 bytes)
Event: 4115.227 Thread 0x000002939e5c0220 nmethod 29936 0x000002939028ea10 code [0x000002939028eba0, 0x000002939028ecb8]
Event: 4115.227 Thread 0x000002939e5c0220 29937       4       org.eclipse.jdt.ls.core.internal.contentassist.CompletionProposalUtils::isImportCompletion (35 bytes)
Event: 4115.229 Thread 0x000002939e5c0220 nmethod 29937 0x000002939028e390 code [0x000002939028e520, 0x000002939028e628]
Event: 4115.975 Thread 0x000002939e5c0220 29938       4       java.nio.CharBuffer::array (35 bytes)
Event: 4115.976 Thread 0x000002939e5c0220 nmethod 29938 0x000002939068c890 code [0x000002939068ca00, 0x000002939068cab8]
Event: 4116.169 Thread 0x000002939e5c0220 29939   !   4       org.eclipse.jdt.internal.compiler.ast.TypeDeclaration::analyseCode (80 bytes)
Event: 4116.198 Thread 0x000002939e5c12c0 29941       3       org.eclipse.jdt.internal.compiler.lookup.PolyParameterizedGenericMethodBinding::hashCode (8 bytes)
Event: 4116.199 Thread 0x000002939e5c12c0 nmethod 29941 0x0000029389356d10 code [0x0000029389356ec0, 0x0000029389357088]
Event: 4116.279 Thread 0x000002939e5c0220 nmethod 29939 0x0000029391446190 code [0x0000029391446500, 0x000002939144a028]
Event: 4116.279 Thread 0x000002939e5c0220 29942       4       org.eclipse.jdt.internal.compiler.ast.MessageSend::resolveType (2163 bytes)
Event: 4116.344 Thread 0x000002939e5c0220 nmethod 29942 0x00000293911e3d10 code [0x00000293911e43c0, 0x00000293911e75c0]
Event: 4116.344 Thread 0x000002939e5c0220 29940       4       org.eclipse.jdt.internal.compiler.ast.QualifiedAllocationExpression::manageEnclosingInstanceAccessIfNecessary (95 bytes)
Event: 4116.346 Thread 0x000002939e5c0220 nmethod 29940 0x0000029391445910 code [0x0000029391445ac0, 0x0000029391445d98]

GC Heap History (20 events):
Event: 4116.210 GC heap after
{Heap after GC invocations=18859 (full 500):
 PSYoungGen      total 3072K, used 752K [0x00000000eab00000, 0x00000000eaf00000, 0x0000000100000000)
  eden space 2048K, 0% used [0x00000000eab00000,0x00000000eab00000,0x00000000ead00000)
  from space 1024K, 73% used [0x00000000eae00000,0x00000000eaebc010,0x00000000eaf00000)
  to   space 1024K, 0% used [0x00000000ead00000,0x00000000ead00000,0x00000000eae00000)
 ParOldGen       total 120832K, used 105860K [0x00000000c0000000, 0x00000000c7600000, 0x00000000eab00000)
  object space 120832K, 87% used [0x00000000c0000000,0x00000000c6761318,0x00000000c7600000)
 Metaspace       used 88979K, committed 90048K, reserved 1179648K
  class space    used 8594K, committed 9024K, reserved 1048576K
}
Event: 4116.215 GC heap before
{Heap before GC invocations=18860 (full 500):
 PSYoungGen      total 3072K, used 2800K [0x00000000eab00000, 0x00000000eaf00000, 0x0000000100000000)
  eden space 2048K, 100% used [0x00000000eab00000,0x00000000ead00000,0x00000000ead00000)
  from space 1024K, 73% used [0x00000000eae00000,0x00000000eaebc010,0x00000000eaf00000)
  to   space 1024K, 0% used [0x00000000ead00000,0x00000000ead00000,0x00000000eae00000)
 ParOldGen       total 120832K, used 105860K [0x00000000c0000000, 0x00000000c7600000, 0x00000000eab00000)
  object space 120832K, 87% used [0x00000000c0000000,0x00000000c6761318,0x00000000c7600000)
 Metaspace       used 88979K, committed 90048K, reserved 1179648K
  class space    used 8594K, committed 9024K, reserved 1048576K
}
Event: 4116.216 GC heap after
{Heap after GC invocations=18860 (full 500):
 PSYoungGen      total 3072K, used 800K [0x00000000eab00000, 0x00000000eaf00000, 0x0000000100000000)
  eden space 2048K, 0% used [0x00000000eab00000,0x00000000eab00000,0x00000000ead00000)
  from space 1024K, 78% used [0x00000000ead00000,0x00000000eadc8000,0x00000000eae00000)
  to   space 1024K, 0% used [0x00000000eae00000,0x00000000eae00000,0x00000000eaf00000)
 ParOldGen       total 120832K, used 106574K [0x00000000c0000000, 0x00000000c7600000, 0x00000000eab00000)
  object space 120832K, 88% used [0x00000000c0000000,0x00000000c6813b88,0x00000000c7600000)
 Metaspace       used 88979K, committed 90048K, reserved 1179648K
  class space    used 8594K, committed 9024K, reserved 1048576K
}
Event: 4116.221 GC heap before
{Heap before GC invocations=18861 (full 500):
 PSYoungGen      total 3072K, used 2848K [0x00000000eab00000, 0x00000000eaf00000, 0x0000000100000000)
  eden space 2048K, 100% used [0x00000000eab00000,0x00000000ead00000,0x00000000ead00000)
  from space 1024K, 78% used [0x00000000ead00000,0x00000000eadc8000,0x00000000eae00000)
  to   space 1024K, 0% used [0x00000000eae00000,0x00000000eae00000,0x00000000eaf00000)
 ParOldGen       total 120832K, used 106574K [0x00000000c0000000, 0x00000000c7600000, 0x00000000eab00000)
  object space 120832K, 88% used [0x00000000c0000000,0x00000000c6813b88,0x00000000c7600000)
 Metaspace       used 88979K, committed 90048K, reserved 1179648K
  class space    used 8594K, committed 9024K, reserved 1048576K
}
Event: 4116.222 GC heap after
{Heap after GC invocations=18861 (full 500):
 PSYoungGen      total 3072K, used 896K [0x00000000eab00000, 0x00000000eaf00000, 0x0000000100000000)
  eden space 2048K, 0% used [0x00000000eab00000,0x00000000eab00000,0x00000000ead00000)
  from space 1024K, 87% used [0x00000000eae00000,0x00000000eaee0000,0x00000000eaf00000)
  to   space 1024K, 0% used [0x00000000ead00000,0x00000000ead00000,0x00000000eae00000)
 ParOldGen       total 120832K, used 107288K [0x00000000c0000000, 0x00000000c7600000, 0x00000000eab00000)
  object space 120832K, 88% used [0x00000000c0000000,0x00000000c68c63d8,0x00000000c7600000)
 Metaspace       used 88979K, committed 90048K, reserved 1179648K
  class space    used 8594K, committed 9024K, reserved 1048576K
}
Event: 4116.226 GC heap before
{Heap before GC invocations=18862 (full 500):
 PSYoungGen      total 3072K, used 2944K [0x00000000eab00000, 0x00000000eaf00000, 0x0000000100000000)
  eden space 2048K, 100% used [0x00000000eab00000,0x00000000ead00000,0x00000000ead00000)
  from space 1024K, 87% used [0x00000000eae00000,0x00000000eaee0000,0x00000000eaf00000)
  to   space 1024K, 0% used [0x00000000ead00000,0x00000000ead00000,0x00000000eae00000)
 ParOldGen       total 120832K, used 107288K [0x00000000c0000000, 0x00000000c7600000, 0x00000000eab00000)
  object space 120832K, 88% used [0x00000000c0000000,0x00000000c68c63d8,0x00000000c7600000)
 Metaspace       used 88979K, committed 90048K, reserved 1179648K
  class space    used 8594K, committed 9024K, reserved 1048576K
}
Event: 4116.227 GC heap after
{Heap after GC invocations=18862 (full 500):
 PSYoungGen      total 3072K, used 880K [0x00000000eab00000, 0x00000000eaf80000, 0x0000000100000000)
  eden space 2048K, 0% used [0x00000000eab00000,0x00000000eab00000,0x00000000ead00000)
  from space 1024K, 85% used [0x00000000ead00000,0x00000000eaddc010,0x00000000eae00000)
  to   space 1024K, 0% used [0x00000000eae80000,0x00000000eae80000,0x00000000eaf80000)
 ParOldGen       total 120832K, used 108054K [0x00000000c0000000, 0x00000000c7600000, 0x00000000eab00000)
  object space 120832K, 89% used [0x00000000c0000000,0x00000000c6985878,0x00000000c7600000)
 Metaspace       used 88979K, committed 90048K, reserved 1179648K
  class space    used 8594K, committed 9024K, reserved 1048576K
}
Event: 4116.231 GC heap before
{Heap before GC invocations=18863 (full 500):
 PSYoungGen      total 3072K, used 2928K [0x00000000eab00000, 0x00000000eaf80000, 0x0000000100000000)
  eden space 2048K, 100% used [0x00000000eab00000,0x00000000ead00000,0x00000000ead00000)
  from space 1024K, 85% used [0x00000000ead00000,0x00000000eaddc010,0x00000000eae00000)
  to   space 1024K, 0% used [0x00000000eae80000,0x00000000eae80000,0x00000000eaf80000)
 ParOldGen       total 120832K, used 108054K [0x00000000c0000000, 0x00000000c7600000, 0x00000000eab00000)
  object space 120832K, 89% used [0x00000000c0000000,0x00000000c6985878,0x00000000c7600000)
 Metaspace       used 88979K, committed 90048K, reserved 1179648K
  class space    used 8594K, committed 9024K, reserved 1048576K
}
Event: 4116.232 GC heap after
{Heap after GC invocations=18863 (full 500):
 PSYoungGen      total 3584K, used 880K [0x00000000eab00000, 0x00000000eaf80000, 0x0000000100000000)
  eden space 2560K, 0% used [0x00000000eab00000,0x00000000eab00000,0x00000000ead80000)
  from space 1024K, 85% used [0x00000000eae80000,0x00000000eaf5c010,0x00000000eaf80000)
  to   space 1024K, 0% used [0x00000000ead80000,0x00000000ead80000,0x00000000eae80000)
 ParOldGen       total 120832K, used 108809K [0x00000000c0000000, 0x00000000c7600000, 0x00000000eab00000)
  object space 120832K, 90% used [0x00000000c0000000,0x00000000c6a42700,0x00000000c7600000)
 Metaspace       used 88979K, committed 90048K, reserved 1179648K
  class space    used 8594K, committed 9024K, reserved 1048576K
}
Event: 4116.243 GC heap before
{Heap before GC invocations=18864 (full 500):
 PSYoungGen      total 3584K, used 3440K [0x00000000eab00000, 0x00000000eaf80000, 0x0000000100000000)
  eden space 2560K, 100% used [0x00000000eab00000,0x00000000ead80000,0x00000000ead80000)
  from space 1024K, 85% used [0x00000000eae80000,0x00000000eaf5c010,0x00000000eaf80000)
  to   space 1024K, 0% used [0x00000000ead80000,0x00000000ead80000,0x00000000eae80000)
 ParOldGen       total 120832K, used 108809K [0x00000000c0000000, 0x00000000c7600000, 0x00000000eab00000)
  object space 120832K, 90% used [0x00000000c0000000,0x00000000c6a42700,0x00000000c7600000)
 Metaspace       used 88979K, committed 90048K, reserved 1179648K
  class space    used 8594K, committed 9024K, reserved 1048576K
}
Event: 4116.245 GC heap after
{Heap after GC invocations=18864 (full 500):
 PSYoungGen      total 3584K, used 832K [0x00000000eab00000, 0x00000000eb000000, 0x0000000100000000)
  eden space 2560K, 0% used [0x00000000eab00000,0x00000000eab00000,0x00000000ead80000)
  from space 1024K, 81% used [0x00000000ead80000,0x00000000eae50000,0x00000000eae80000)
  to   space 1024K, 0% used [0x00000000eaf00000,0x00000000eaf00000,0x00000000eb000000)
 ParOldGen       total 120832K, used 109598K [0x00000000c0000000, 0x00000000c7600000, 0x00000000eab00000)
  object space 120832K, 90% used [0x00000000c0000000,0x00000000c6b079f8,0x00000000c7600000)
 Metaspace       used 88979K, committed 90048K, reserved 1179648K
  class space    used 8594K, committed 9024K, reserved 1048576K
}
Event: 4116.252 GC heap before
{Heap before GC invocations=18865 (full 500):
 PSYoungGen      total 3584K, used 3392K [0x00000000eab00000, 0x00000000eb000000, 0x0000000100000000)
  eden space 2560K, 100% used [0x00000000eab00000,0x00000000ead80000,0x00000000ead80000)
  from space 1024K, 81% used [0x00000000ead80000,0x00000000eae50000,0x00000000eae80000)
  to   space 1024K, 0% used [0x00000000eaf00000,0x00000000eaf00000,0x00000000eb000000)
 ParOldGen       total 120832K, used 109598K [0x00000000c0000000, 0x00000000c7600000, 0x00000000eab00000)
  object space 120832K, 90% used [0x00000000c0000000,0x00000000c6b079f8,0x00000000c7600000)
 Metaspace       used 88979K, committed 90048K, reserved 1179648K
  class space    used 8594K, committed 9024K, reserved 1048576K
}
Event: 4116.253 GC heap after
{Heap after GC invocations=18865 (full 500):
 PSYoungGen      total 3072K, used 1024K [0x00000000eab00000, 0x00000000eb180000, 0x0000000100000000)
  eden space 2048K, 0% used [0x00000000eab00000,0x00000000eab00000,0x00000000ead00000)
  from space 1024K, 100% used [0x00000000eaf00000,0x00000000eb000000,0x00000000eb000000)
  to   space 2048K, 0% used [0x00000000ead00000,0x00000000ead00000,0x00000000eaf00000)
 ParOldGen       total 120832K, used 110343K [0x00000000c0000000, 0x00000000c7600000, 0x00000000eab00000)
  object space 120832K, 91% used [0x00000000c0000000,0x00000000c6bc1e88,0x00000000c7600000)
 Metaspace       used 88979K, committed 90048K, reserved 1179648K
  class space    used 8594K, committed 9024K, reserved 1048576K
}
Event: 4116.257 GC heap before
{Heap before GC invocations=18866 (full 500):
 PSYoungGen      total 3072K, used 3072K [0x00000000eab00000, 0x00000000eb180000, 0x0000000100000000)
  eden space 2048K, 100% used [0x00000000eab00000,0x00000000ead00000,0x00000000ead00000)
  from space 1024K, 100% used [0x00000000eaf00000,0x00000000eb000000,0x00000000eb000000)
  to   space 2048K, 0% used [0x00000000ead00000,0x00000000ead00000,0x00000000eaf00000)
 ParOldGen       total 120832K, used 110343K [0x00000000c0000000, 0x00000000c7600000, 0x00000000eab00000)
  object space 120832K, 91% used [0x00000000c0000000,0x00000000c6bc1e88,0x00000000c7600000)
 Metaspace       used 88979K, committed 90048K, reserved 1179648K
  class space    used 8594K, committed 9024K, reserved 1048576K
}
Event: 4116.258 GC heap after
{Heap after GC invocations=18866 (full 500):
 PSYoungGen      total 4096K, used 864K [0x00000000eab00000, 0x00000000eb080000, 0x0000000100000000)
  eden space 2048K, 0% used [0x00000000eab00000,0x00000000eab00000,0x00000000ead00000)
  from space 2048K, 42% used [0x00000000ead00000,0x00000000eadd8000,0x00000000eaf00000)
  to   space 1536K, 0% used [0x00000000eaf00000,0x00000000eaf00000,0x00000000eb080000)
 ParOldGen       total 120832K, used 111304K [0x00000000c0000000, 0x00000000c7600000, 0x00000000eab00000)
  object space 120832K, 92% used [0x00000000c0000000,0x00000000c6cb2280,0x00000000c7600000)
 Metaspace       used 88979K, committed 90048K, reserved 1179648K
  class space    used 8594K, committed 9024K, reserved 1048576K
}
Event: 4116.492 GC heap before
{Heap before GC invocations=18867 (full 500):
 PSYoungGen      total 4096K, used 2911K [0x00000000eab00000, 0x00000000eb080000, 0x0000000100000000)
  eden space 2048K, 99% used [0x00000000eab00000,0x00000000eacfffe0,0x00000000ead00000)
  from space 2048K, 42% used [0x00000000ead00000,0x00000000eadd8000,0x00000000eaf00000)
  to   space 1536K, 0% used [0x00000000eaf00000,0x00000000eaf00000,0x00000000eb080000)
 ParOldGen       total 120832K, used 111304K [0x00000000c0000000, 0x00000000c7600000, 0x00000000eab00000)
  object space 120832K, 92% used [0x00000000c0000000,0x00000000c6cb2280,0x00000000c7600000)
 Metaspace       used 88979K, committed 90048K, reserved 1179648K
  class space    used 8594K, committed 9024K, reserved 1048576K
}
Event: 4116.496 GC heap after
{Heap after GC invocations=18867 (full 500):
 PSYoungGen      total 3072K, used 624K [0x00000000eab00000, 0x00000000eb000000, 0x0000000100000000)
  eden space 2048K, 0% used [0x00000000eab00000,0x00000000eab00000,0x00000000ead00000)
  from space 1024K, 60% used [0x00000000eaf00000,0x00000000eaf9c010,0x00000000eb000000)
  to   space 1024K, 0% used [0x00000000eae00000,0x00000000eae00000,0x00000000eaf00000)
 ParOldGen       total 120832K, used 112046K [0x00000000c0000000, 0x00000000c7600000, 0x00000000eab00000)
  object space 120832K, 92% used [0x00000000c0000000,0x00000000c6d6baf8,0x00000000c7600000)
 Metaspace       used 88979K, committed 90048K, reserved 1179648K
  class space    used 8594K, committed 9024K, reserved 1048576K
}
Event: 4116.514 GC heap before
{Heap before GC invocations=18868 (full 500):
 PSYoungGen      total 3072K, used 2672K [0x00000000eab00000, 0x00000000eb000000, 0x0000000100000000)
  eden space 2048K, 100% used [0x00000000eab00000,0x00000000ead00000,0x00000000ead00000)
  from space 1024K, 60% used [0x00000000eaf00000,0x00000000eaf9c010,0x00000000eb000000)
  to   space 1024K, 0% used [0x00000000eae00000,0x00000000eae00000,0x00000000eaf00000)
 ParOldGen       total 120832K, used 112046K [0x00000000c0000000, 0x00000000c7600000, 0x00000000eab00000)
  object space 120832K, 92% used [0x00000000c0000000,0x00000000c6d6baf8,0x00000000c7600000)
 Metaspace       used 88979K, committed 90048K, reserved 1179648K
  class space    used 8594K, committed 9024K, reserved 1048576K
}
Event: 4116.516 GC heap after
{Heap after GC invocations=18868 (full 500):
 PSYoungGen      total 3072K, used 960K [0x00000000eab00000, 0x00000000eaf80000, 0x0000000100000000)
  eden space 2048K, 0% used [0x00000000eab00000,0x00000000eab00000,0x00000000ead00000)
  from space 1024K, 93% used [0x00000000eae00000,0x00000000eaef0000,0x00000000eaf00000)
  to   space 512K, 0% used [0x00000000eaf00000,0x00000000eaf00000,0x00000000eaf80000)
 ParOldGen       total 120832K, used 112544K [0x00000000c0000000, 0x00000000c7600000, 0x00000000eab00000)
  object space 120832K, 93% used [0x00000000c0000000,0x00000000c6de8348,0x00000000c7600000)
 Metaspace       used 88979K, committed 90048K, reserved 1179648K
  class space    used 8594K, committed 9024K, reserved 1048576K
}
Event: 4116.523 GC heap before
{Heap before GC invocations=18869 (full 500):
 PSYoungGen      total 3072K, used 3008K [0x00000000eab00000, 0x00000000eaf80000, 0x0000000100000000)
  eden space 2048K, 100% used [0x00000000eab00000,0x00000000ead00000,0x00000000ead00000)
  from space 1024K, 93% used [0x00000000eae00000,0x00000000eaef0000,0x00000000eaf00000)
  to   space 512K, 0% used [0x00000000eaf00000,0x00000000eaf00000,0x00000000eaf80000)
 ParOldGen       total 120832K, used 112544K [0x00000000c0000000, 0x00000000c7600000, 0x00000000eab00000)
  object space 120832K, 93% used [0x00000000c0000000,0x00000000c6de8348,0x00000000c7600000)
 Metaspace       used 88979K, committed 90048K, reserved 1179648K
  class space    used 8594K, committed 9024K, reserved 1048576K
}

Dll operation events (11 events):
Event: 0.012 Loaded shared library c:\Users\ysfak\.vscode\extensions\redhat.java-1.18.0-win32-x64\jre\17.0.7-win32-x86_64\bin\java.dll
Event: 0.107 Loaded shared library c:\Users\ysfak\.vscode\extensions\redhat.java-1.18.0-win32-x64\jre\17.0.7-win32-x86_64\bin\zip.dll
Event: 0.109 Loaded shared library C:\Users\ysfak\.vscode\extensions\redhat.java-1.18.0-win32-x64\jre\17.0.7-win32-x86_64\bin\instrument.dll
Event: 0.120 Loaded shared library C:\Users\ysfak\.vscode\extensions\redhat.java-1.18.0-win32-x64\jre\17.0.7-win32-x86_64\bin\net.dll
Event: 0.122 Loaded shared library C:\Users\ysfak\.vscode\extensions\redhat.java-1.18.0-win32-x64\jre\17.0.7-win32-x86_64\bin\nio.dll
Event: 0.127 Loaded shared library C:\Users\ysfak\.vscode\extensions\redhat.java-1.18.0-win32-x64\jre\17.0.7-win32-x86_64\bin\zip.dll
Event: 0.136 Loaded shared library C:\Users\ysfak\.vscode\extensions\redhat.java-1.18.0-win32-x64\jre\17.0.7-win32-x86_64\bin\jimage.dll
Event: 0.169 Loaded shared library c:\Users\ysfak\.vscode\extensions\redhat.java-1.18.0-win32-x64\jre\17.0.7-win32-x86_64\bin\verify.dll
Event: 0.799 Loaded shared library C:\Users\ysfak\AppData\Roaming\Code\User\globalStorage\redhat.java\1.18.0\config_win\org.eclipse.equinox.launcher\org.eclipse.equinox.launcher.win32.win32.x86_64_1.2.700.v20221108-1024\eclipse_11801.dll
Event: 2.121 Loaded shared library C:\Users\ysfak\AppData\Local\Temp\jna-115273142\jna11615111686775088308.dll
Event: 3869.985 Loaded shared library C:\Users\ysfak\.vscode\extensions\redhat.java-1.18.0-win32-x64\jre\17.0.7-win32-x86_64\bin\sunmscapi.dll

Deoptimization events (20 events):
Event: 4100.253 Thread 0x00000293a2661d40 Uncommon trap: trap_request=0xffffff45 fr.pc=0x00000293918d9468 relative=0x00000000000057e8
Event: 4100.253 Thread 0x00000293a2661d40 Uncommon trap: reason=unstable_if action=reinterpret pc=0x00000293918d9468 method=org.eclipse.jdt.internal.compiler.lookup.Scope.findMethod0(Lorg/eclipse/jdt/internal/compiler/lookup/ReferenceBinding;[C[Lorg/eclipse/jdt/internal/compiler/lookup/TypeBindin
Event: 4100.253 Thread 0x00000293a2661d40 DEOPT PACKING pc=0x00000293918d9468 sp=0x000000fc797fe280
Event: 4100.253 Thread 0x00000293a2661d40 DEOPT UNPACKING pc=0x000002938f6966a3 sp=0x000000fc797fe218 mode 2
Event: 4101.398 Thread 0x00000293a2661d40 Uncommon trap: trap_request=0xffffff45 fr.pc=0x0000029390317740 relative=0x0000000000002440
Event: 4101.398 Thread 0x00000293a2661d40 Uncommon trap: reason=unstable_if action=reinterpret pc=0x0000029390317740 method=org.eclipse.jdt.internal.compiler.ast.MessageSend.resolveType(Lorg/eclipse/jdt/internal/compiler/lookup/BlockScope;)Lorg/eclipse/jdt/internal/compiler/lookup/TypeBinding; @ 
Event: 4101.398 Thread 0x00000293a2661d40 DEOPT PACKING pc=0x0000029390317740 sp=0x000000fc797fe440
Event: 4101.398 Thread 0x00000293a2661d40 DEOPT UNPACKING pc=0x000002938f6966a3 sp=0x000000fc797fe3d8 mode 2
Event: 4103.584 Thread 0x000002939f63cb50 Uncommon trap: trap_request=0xffffff45 fr.pc=0x000002939015cbe8 relative=0x00000000000005a8
Event: 4103.584 Thread 0x000002939f63cb50 Uncommon trap: reason=unstable_if action=reinterpret pc=0x000002939015cbe8 method=org.eclipse.jdt.internal.core.Openable.getBuffer()Lorg/eclipse/jdt/core/IBuffer; @ 36 c2
Event: 4103.584 Thread 0x000002939f63cb50 DEOPT PACKING pc=0x000002939015cbe8 sp=0x000000fc7befed90
Event: 4103.584 Thread 0x000002939f63cb50 DEOPT UNPACKING pc=0x000002938f6966a3 sp=0x000000fc7befed20 mode 2
Event: 4103.584 Thread 0x000002939f63cb50 Uncommon trap: trap_request=0xffffff45 fr.pc=0x0000029390791944 relative=0x00000000000005a4
Event: 4103.584 Thread 0x000002939f63cb50 Uncommon trap: reason=unstable_if action=reinterpret pc=0x0000029390791944 method=org.eclipse.jdt.internal.core.Openable.getBuffer()Lorg/eclipse/jdt/core/IBuffer; @ 36 c2
Event: 4103.584 Thread 0x000002939f63cb50 DEOPT PACKING pc=0x0000029390791944 sp=0x000000fc7befed90
Event: 4103.584 Thread 0x000002939f63cb50 DEOPT UNPACKING pc=0x000002938f6966a3 sp=0x000000fc7befed90 mode 2
Event: 4115.118 Thread 0x00000293a0fca520 Uncommon trap: trap_request=0xffffff45 fr.pc=0x000002939045dce4 relative=0x0000000000001b44
Event: 4115.118 Thread 0x00000293a0fca520 Uncommon trap: reason=unstable_if action=reinterpret pc=0x000002939045dce4 method=org.eclipse.jdt.internal.codeassist.complete.CompletionParser.attachOrphanCompletionNode()V @ 2180 c2
Event: 4115.118 Thread 0x00000293a0fca520 DEOPT PACKING pc=0x000002939045dce4 sp=0x000000fc7bdfe710
Event: 4115.118 Thread 0x00000293a0fca520 DEOPT UNPACKING pc=0x000002938f6966a3 sp=0x000000fc7bdfe6c0 mode 2

Classes unloaded (20 events):
Event: 962.676 Thread 0x000002939e571c30 Unloading class 0x00000001001a1000 'java/lang/invoke/LambdaForm$MH+0x00000001001a1000'
Event: 962.676 Thread 0x000002939e571c30 Unloading class 0x00000001001a0c00 'java/lang/invoke/LambdaForm$MH+0x00000001001a0c00'
Event: 962.676 Thread 0x000002939e571c30 Unloading class 0x00000001001a0800 'java/lang/invoke/LambdaForm$MH+0x00000001001a0800'
Event: 962.676 Thread 0x000002939e571c30 Unloading class 0x00000001001a0000 'java/lang/invoke/LambdaForm$MH+0x00000001001a0000'
Event: 962.676 Thread 0x000002939e571c30 Unloading class 0x0000000100129000 'jdk/internal/reflect/GeneratedMethodAccessor5'
Event: 962.676 Thread 0x000002939e571c30 Unloading class 0x0000000100128c00 'jdk/internal/reflect/GeneratedMethodAccessor4'
Event: 962.676 Thread 0x000002939e571c30 Unloading class 0x0000000100128800 'jdk/internal/reflect/GeneratedMethodAccessor3'
Event: 962.676 Thread 0x000002939e571c30 Unloading class 0x0000000100128400 'jdk/internal/reflect/GeneratedMethodAccessor2'
Event: 962.676 Thread 0x000002939e571c30 Unloading class 0x0000000100128000 'jdk/internal/reflect/GeneratedMethodAccessor1'
Event: 1216.474 Thread 0x000002939e571c30 Unloading class 0x0000000100358400 'java/lang/invoke/LambdaForm$MH+0x0000000100358400'
Event: 1216.474 Thread 0x000002939e571c30 Unloading class 0x0000000100340400 'java/lang/invoke/LambdaForm$MH+0x0000000100340400'
Event: 1216.474 Thread 0x000002939e571c30 Unloading class 0x0000000100340000 'java/lang/invoke/LambdaForm$MH+0x0000000100340000'
Event: 1216.474 Thread 0x000002939e571c30 Unloading class 0x0000000100339c00 'java/lang/invoke/LambdaForm$MH+0x0000000100339c00'
Event: 1216.474 Thread 0x000002939e571c30 Unloading class 0x0000000100339800 'java/lang/invoke/LambdaForm$MH+0x0000000100339800'
Event: 1216.474 Thread 0x000002939e571c30 Unloading class 0x0000000100339400 'java/lang/invoke/LambdaForm$MH+0x0000000100339400'
Event: 1216.474 Thread 0x000002939e571c30 Unloading class 0x0000000100339000 'java/lang/invoke/LambdaForm$MH+0x0000000100339000'
Event: 1557.163 Thread 0x000002939e571c30 Unloading class 0x0000000100768000 'jdk/internal/reflect/GeneratedConstructorAccessor19'
Event: 2927.971 Thread 0x000002939e571c30 Unloading class 0x0000000100840c00 'java/lang/invoke/LambdaForm$MH+0x0000000100840c00'
Event: 2927.971 Thread 0x000002939e571c30 Unloading class 0x0000000100840800 'java/lang/invoke/LambdaForm$MH+0x0000000100840800'
Event: 2927.971 Thread 0x000002939e571c30 Unloading class 0x0000000100840000 'java/lang/invoke/LambdaForm$MH+0x0000000100840000'

Classes redefined (0 events):
No events

Internal exceptions (20 events):
Event: 4111.547 Thread 0x000002939f63a9a0 Implicit null exception at 0x0000029389177ff6 to 0x000002938917867d
Event: 4111.547 Thread 0x000002939f63a9a0 Exception <a 'java/lang/NullPointerException'{0x00000000eab9ed38}> (0x00000000eab9ed38) 
thrown [s\src\hotspot\share\runtime\sharedRuntime.cpp, line 628]
Event: 4112.124 Thread 0x00000293a0fca050 Exception <a 'sun/nio/fs/WindowsException'{0x00000000eabbcd90}> (0x00000000eabbcd90) 
thrown [s\src\hotspot\share\prims\jni.cpp, line 516]
Event: 4112.199 Thread 0x00000293a0fca050 Exception <a 'sun/nio/fs/WindowsException'{0x00000000eab8b780}> (0x00000000eab8b780) 
thrown [s\src\hotspot\share\prims\jni.cpp, line 516]
Event: 4116.109 Thread 0x000002939f639b30 Implicit null exception at 0x0000029389177ff6 to 0x000002938917867d
Event: 4116.110 Thread 0x000002939f639b30 Exception <a 'java/lang/NullPointerException'{0x00000000eab9f540}> (0x00000000eab9f540) 
thrown [s\src\hotspot\share\runtime\sharedRuntime.cpp, line 628]
Event: 4116.110 Thread 0x000002939f639b30 Implicit null exception at 0x0000029389177ff6 to 0x000002938917867d
Event: 4116.110 Thread 0x000002939f639b30 Exception <a 'java/lang/NullPointerException'{0x00000000eabaa8f8}> (0x00000000eabaa8f8) 
thrown [s\src\hotspot\share\runtime\sharedRuntime.cpp, line 628]
Event: 4116.110 Thread 0x000002939f639b30 Implicit null exception at 0x0000029389177ff6 to 0x000002938917867d
Event: 4116.110 Thread 0x000002939f639b30 Exception <a 'java/lang/NullPointerException'{0x00000000eabadbf0}> (0x00000000eabadbf0) 
thrown [s\src\hotspot\share\runtime\sharedRuntime.cpp, line 628]
Event: 4116.110 Thread 0x000002939f639b30 Implicit null exception at 0x0000029389177ff6 to 0x000002938917867d
Event: 4116.110 Thread 0x000002939f639b30 Exception <a 'java/lang/NullPointerException'{0x00000000eabb14b8}> (0x00000000eabb14b8) 
thrown [s\src\hotspot\share\runtime\sharedRuntime.cpp, line 628]
Event: 4116.136 Thread 0x000002939f639b30 Implicit null exception at 0x0000029389177ff6 to 0x000002938917867d
Event: 4116.136 Thread 0x000002939f639b30 Exception <a 'java/lang/NullPointerException'{0x00000000eab82540}> (0x00000000eab82540) 
thrown [s\src\hotspot\share\runtime\sharedRuntime.cpp, line 628]
Event: 4116.136 Thread 0x000002939f639b30 Implicit null exception at 0x0000029389177ff6 to 0x000002938917867d
Event: 4116.136 Thread 0x000002939f639b30 Exception <a 'java/lang/NullPointerException'{0x00000000eab8ccd0}> (0x00000000eab8ccd0) 
thrown [s\src\hotspot\share\runtime\sharedRuntime.cpp, line 628]
Event: 4116.136 Thread 0x000002939f639b30 Implicit null exception at 0x0000029389177ff6 to 0x000002938917867d
Event: 4116.136 Thread 0x000002939f639b30 Exception <a 'java/lang/NullPointerException'{0x00000000eab8ffd0}> (0x00000000eab8ffd0) 
thrown [s\src\hotspot\share\runtime\sharedRuntime.cpp, line 628]
Event: 4116.136 Thread 0x000002939f639b30 Implicit null exception at 0x0000029389177ff6 to 0x000002938917867d
Event: 4116.136 Thread 0x000002939f639b30 Exception <a 'java/lang/NullPointerException'{0x00000000eab933f0}> (0x00000000eab933f0) 
thrown [s\src\hotspot\share\runtime\sharedRuntime.cpp, line 628]

VM Operations (20 events):
Event: 4116.210 Executing VM operation: ParallelGCFailedAllocation done
Event: 4116.215 Executing VM operation: ParallelGCFailedAllocation
Event: 4116.216 Executing VM operation: ParallelGCFailedAllocation done
Event: 4116.221 Executing VM operation: ParallelGCFailedAllocation
Event: 4116.222 Executing VM operation: ParallelGCFailedAllocation done
Event: 4116.226 Executing VM operation: ParallelGCFailedAllocation
Event: 4116.227 Executing VM operation: ParallelGCFailedAllocation done
Event: 4116.231 Executing VM operation: ParallelGCFailedAllocation
Event: 4116.232 Executing VM operation: ParallelGCFailedAllocation done
Event: 4116.243 Executing VM operation: ParallelGCFailedAllocation
Event: 4116.246 Executing VM operation: ParallelGCFailedAllocation done
Event: 4116.252 Executing VM operation: ParallelGCFailedAllocation
Event: 4116.253 Executing VM operation: ParallelGCFailedAllocation done
Event: 4116.257 Executing VM operation: ParallelGCFailedAllocation
Event: 4116.258 Executing VM operation: ParallelGCFailedAllocation done
Event: 4116.492 Executing VM operation: ParallelGCFailedAllocation
Event: 4116.496 Executing VM operation: ParallelGCFailedAllocation done
Event: 4116.514 Executing VM operation: ParallelGCFailedAllocation
Event: 4116.516 Executing VM operation: ParallelGCFailedAllocation done
Event: 4116.523 Executing VM operation: ParallelGCFailedAllocation

Events (20 events):
Event: 4105.354 Thread 0x000002939e5ca390 flushing nmethod 0x0000029389532a90
Event: 4105.354 Thread 0x000002939e5ca390 flushing nmethod 0x00000293895ea210
Event: 4105.355 Thread 0x000002939e5ca390 flushing nmethod 0x00000293896b9d10
Event: 4105.356 Thread 0x000002939e5ca390 flushing nmethod 0x0000029389818d90
Event: 4105.356 Thread 0x000002939e5ca390 flushing nmethod 0x0000029389858e10
Event: 4105.356 Thread 0x000002939e5ca390 flushing nmethod 0x000002938988fc10
Event: 4105.357 Thread 0x000002939e5ca390 flushing nmethod 0x00000293899c1710
Event: 4105.357 Thread 0x000002939e5ca390 flushing nmethod 0x0000029389a13d10
Event: 4105.357 Thread 0x000002939e5ca390 flushing nmethod 0x0000029389a19010
Event: 4105.361 Thread 0x000002939e5ca390 flushing nmethod 0x0000029389e8e710
Event: 4105.362 Thread 0x000002939e5ca390 flushing nmethod 0x000002938a050f90
Event: 4105.362 Thread 0x000002939e5ca390 flushing nmethod 0x000002938a174590
Event: 4105.363 Thread 0x000002939e5ca390 flushing nmethod 0x000002938a2cf490
Event: 4105.363 Thread 0x000002939e5ca390 flushing nmethod 0x000002938a312a10
Event: 4105.363 Thread 0x000002939e5ca390 flushing nmethod 0x000002938a318d90
Event: 4105.363 Thread 0x000002939e5ca390 flushing nmethod 0x000002938a361290
Event: 4105.364 Thread 0x000002939e5ca390 flushing nmethod 0x000002938a4e3790
Event: 4105.364 Thread 0x000002939e5ca390 flushing nmethod 0x000002938a54f310
Event: 4105.364 Thread 0x000002939e5ca390 flushing nmethod 0x000002938a54fb10
Event: 4105.364 Thread 0x000002939e5ca390 flushing nmethod 0x000002938a55c310


Dynamic libraries:
0x00007ff62ea40000 - 0x00007ff62ea4e000 	c:\Users\ysfak\.vscode\extensions\redhat.java-1.18.0-win32-x64\jre\17.0.7-win32-x86_64\bin\java.exe
0x00007ff806fd0000 - 0x00007ff8071e4000 	C:\WINDOWS\SYSTEM32\ntdll.dll
0x00007ff805370000 - 0x00007ff805432000 	C:\WINDOWS\System32\KERNEL32.DLL
0x00007ff804670000 - 0x00007ff804a13000 	C:\WINDOWS\System32\KERNELBASE.dll
0x00007ff804bf0000 - 0x00007ff804d01000 	C:\WINDOWS\System32\ucrtbase.dll
0x00007ffff3490000 - 0x00007ffff34a7000 	c:\Users\ysfak\.vscode\extensions\redhat.java-1.18.0-win32-x64\jre\17.0.7-win32-x86_64\bin\jli.dll
0x00007ffff33f0000 - 0x00007ffff3409000 	c:\Users\ysfak\.vscode\extensions\redhat.java-1.18.0-win32-x64\jre\17.0.7-win32-x86_64\bin\VCRUNTIME140.dll
0x00007ff806ac0000 - 0x00007ff806c6b000 	C:\WINDOWS\System32\USER32.dll
0x00007ff804aa0000 - 0x00007ff804ac6000 	C:\WINDOWS\System32\win32u.dll
0x00007fffe7740000 - 0x00007fffe79ce000 	C:\WINDOWS\WinSxS\amd64_microsoft.windows.common-controls_6595b64144ccf1df_6.0.22621.1635_none_270f70857386168e\COMCTL32.dll
0x00007ff806ee0000 - 0x00007ff806f09000 	C:\WINDOWS\System32\GDI32.dll
0x00007ff804dd0000 - 0x00007ff804e77000 	C:\WINDOWS\System32\msvcrt.dll
0x00007ff804ad0000 - 0x00007ff804be8000 	C:\WINDOWS\System32\gdi32full.dll
0x00007ff8045d0000 - 0x00007ff80466a000 	C:\WINDOWS\System32\msvcp_win.dll
0x00007ff805800000 - 0x00007ff805831000 	C:\WINDOWS\System32\IMM32.DLL
0x00007fffff900000 - 0x00007fffff90c000 	c:\Users\ysfak\.vscode\extensions\redhat.java-1.18.0-win32-x64\jre\17.0.7-win32-x86_64\bin\vcruntime140_1.dll
0x00007fffb1440000 - 0x00007fffb14d1000 	c:\Users\ysfak\.vscode\extensions\redhat.java-1.18.0-win32-x64\jre\17.0.7-win32-x86_64\bin\msvcp140.dll
0x00007fff83910000 - 0x00007fff84558000 	c:\Users\ysfak\.vscode\extensions\redhat.java-1.18.0-win32-x64\jre\17.0.7-win32-x86_64\bin\server\jvm.dll
0x00007ff806a10000 - 0x00007ff806abe000 	C:\WINDOWS\System32\ADVAPI32.dll
0x00007ff805990000 - 0x00007ff805a34000 	C:\WINDOWS\System32\sechost.dll
0x00007ff8056c0000 - 0x00007ff8057d7000 	C:\WINDOWS\System32\RPCRT4.dll
0x00007fffe2e80000 - 0x00007fffe2e89000 	C:\WINDOWS\SYSTEM32\WSOCK32.dll
0x00007ffffda00000 - 0x00007ffffda34000 	C:\WINDOWS\SYSTEM32\WINMM.dll
0x00007ffffd590000 - 0x00007ffffd59a000 	C:\WINDOWS\SYSTEM32\VERSION.dll
0x00007ff806f10000 - 0x00007ff806f81000 	C:\WINDOWS\System32\WS2_32.dll
0x00007ff803530000 - 0x00007ff803548000 	C:\WINDOWS\SYSTEM32\kernel.appcore.dll
0x00007fffff0d0000 - 0x00007fffff0da000 	c:\Users\ysfak\.vscode\extensions\redhat.java-1.18.0-win32-x64\jre\17.0.7-win32-x86_64\bin\jimage.dll
0x00007ff801710000 - 0x00007ff80193e000 	C:\WINDOWS\SYSTEM32\DBGHELP.DLL
0x00007ff804ed0000 - 0x00007ff805259000 	C:\WINDOWS\System32\combase.dll
0x00007ff805840000 - 0x00007ff805917000 	C:\WINDOWS\System32\OLEAUT32.dll
0x00007fffe7700000 - 0x00007fffe7732000 	C:\WINDOWS\SYSTEM32\dbgcore.DLL
0x00007ff804a20000 - 0x00007ff804a9b000 	C:\WINDOWS\System32\bcryptPrimitives.dll
0x00007ffffdd00000 - 0x00007ffffdd0e000 	c:\Users\ysfak\.vscode\extensions\redhat.java-1.18.0-win32-x64\jre\17.0.7-win32-x86_64\bin\instrument.dll
0x00007fffdd710000 - 0x00007fffdd735000 	c:\Users\ysfak\.vscode\extensions\redhat.java-1.18.0-win32-x64\jre\17.0.7-win32-x86_64\bin\java.dll
0x00007fffeb0d0000 - 0x00007fffeb0e8000 	c:\Users\ysfak\.vscode\extensions\redhat.java-1.18.0-win32-x64\jre\17.0.7-win32-x86_64\bin\zip.dll
0x00007ff805c80000 - 0x00007ff80647a000 	C:\WINDOWS\System32\SHELL32.dll
0x00007ff802400000 - 0x00007ff802cce000 	C:\WINDOWS\SYSTEM32\windows.storage.dll
0x00007ff8022c0000 - 0x00007ff8023fe000 	C:\WINDOWS\SYSTEM32\wintypes.dll
0x00007ff8055c0000 - 0x00007ff8056b1000 	C:\WINDOWS\System32\SHCORE.dll
0x00007ff805560000 - 0x00007ff8055be000 	C:\WINDOWS\System32\shlwapi.dll
0x00007ff804320000 - 0x00007ff804341000 	C:\WINDOWS\SYSTEM32\profapi.dll
0x00007fffff980000 - 0x00007fffff999000 	C:\Users\ysfak\.vscode\extensions\redhat.java-1.18.0-win32-x64\jre\17.0.7-win32-x86_64\bin\net.dll
0x00007ffffca90000 - 0x00007ffffcbc7000 	C:\WINDOWS\SYSTEM32\WINHTTP.dll
0x00007ff8039a0000 - 0x00007ff803a09000 	C:\WINDOWS\system32\mswsock.dll
0x00007fffe2100000 - 0x00007fffe2115000 	C:\Users\ysfak\.vscode\extensions\redhat.java-1.18.0-win32-x64\jre\17.0.7-win32-x86_64\bin\nio.dll
0x00007fffff360000 - 0x00007fffff370000 	c:\Users\ysfak\.vscode\extensions\redhat.java-1.18.0-win32-x64\jre\17.0.7-win32-x86_64\bin\verify.dll
0x00007fffdb660000 - 0x00007fffdb69e000 	C:\Users\ysfak\AppData\Roaming\Code\User\globalStorage\redhat.java\1.18.0\config_win\org.eclipse.equinox.launcher\org.eclipse.equinox.launcher.win32.win32.x86_64_1.2.700.v20221108-1024\eclipse_11801.dll
0x00007ff805ae0000 - 0x00007ff805c7c000 	C:\WINDOWS\System32\ole32.dll
0x00007ff803c10000 - 0x00007ff803c2b000 	C:\WINDOWS\SYSTEM32\CRYPTSP.dll
0x00007ff8034a0000 - 0x00007ff8034d5000 	C:\WINDOWS\system32\rsaenh.dll
0x00007ff803aa0000 - 0x00007ff803ac8000 	C:\WINDOWS\SYSTEM32\USERENV.dll
0x00007ff803dc0000 - 0x00007ff803de8000 	C:\WINDOWS\SYSTEM32\bcrypt.dll
0x00007ff803c00000 - 0x00007ff803c0c000 	C:\WINDOWS\SYSTEM32\CRYPTBASE.dll
0x00007ff802fa0000 - 0x00007ff802fcd000 	C:\WINDOWS\SYSTEM32\IPHLPAPI.DLL
0x00007ff805ad0000 - 0x00007ff805ad9000 	C:\WINDOWS\System32\NSI.dll
0x00007ffffc9a0000 - 0x00007ffffc9b9000 	C:\WINDOWS\SYSTEM32\dhcpcsvc6.DLL
0x00007ffffc8c0000 - 0x00007ffffc8df000 	C:\WINDOWS\SYSTEM32\dhcpcsvc.DLL
0x00007ff803010000 - 0x00007ff803103000 	C:\WINDOWS\SYSTEM32\DNSAPI.dll
0x00007fffda800000 - 0x00007fffda845000 	C:\Users\ysfak\AppData\Local\Temp\jna-115273142\jna11615111686775088308.dll
0x00007ff805920000 - 0x00007ff805928000 	C:\WINDOWS\System32\PSAPI.DLL
0x00007ffffdcd0000 - 0x00007ffffdcde000 	C:\Users\ysfak\.vscode\extensions\redhat.java-1.18.0-win32-x64\jre\17.0.7-win32-x86_64\bin\sunmscapi.dll
0x00007ff8043f0000 - 0x00007ff804557000 	C:\WINDOWS\System32\CRYPT32.dll
0x00007ff803d90000 - 0x00007ff803dbe000 	C:\WINDOWS\SYSTEM32\ncrypt.dll
0x00007ff803d50000 - 0x00007ff803d87000 	C:\WINDOWS\SYSTEM32\NTASN1.dll
0x00007ffffb460000 - 0x00007ffffb46a000 	C:\Windows\System32\rasadhlp.dll
0x00007ffffb3d0000 - 0x00007ffffb454000 	C:\WINDOWS\System32\fwpuclnt.dll

dbghelp: loaded successfully - version: 4.0.5 - missing functions: none
symbol engine: initialized successfully - sym options: 0x614 - pdb path: .;c:\Users\ysfak\.vscode\extensions\redhat.java-1.18.0-win32-x64\jre\17.0.7-win32-x86_64\bin;C:\WINDOWS\SYSTEM32;C:\WINDOWS\WinSxS\amd64_microsoft.windows.common-controls_6595b64144ccf1df_6.0.22621.1635_none_270f70857386168e;c:\Users\ysfak\.vscode\extensions\redhat.java-1.18.0-win32-x64\jre\17.0.7-win32-x86_64\bin\server;C:\Users\ysfak\AppData\Roaming\Code\User\globalStorage\redhat.java\1.18.0\config_win\org.eclipse.equinox.launcher\org.eclipse.equinox.launcher.win32.win32.x86_64_1.2.700.v20221108-1024;C:\Users\ysfak\AppData\Local\Temp\jna-115273142

VM Arguments:
jvm_args: --add-modules=ALL-SYSTEM --add-opens=java.base/java.util=ALL-UNNAMED --add-opens=java.base/java.lang=ALL-UNNAMED --add-opens=java.base/sun.nio.fs=ALL-UNNAMED -Declipse.application=org.eclipse.jdt.ls.core.id1 -Dosgi.bundles.defaultStartLevel=4 -Declipse.product=org.eclipse.jdt.ls.core.product -Djava.import.generatesMetadataFilesAtProjectRoot=false -Dfile.encoding=utf8 -XX:+UseParallelGC -XX:GCTimeRatio=4 -XX:AdaptiveSizePolicyWeight=90 -Dsun.zip.disableMemoryMapping=true -Xmx1G -Xms100m -Xlog:disable -javaagent:c:\Users\ysfak\.vscode\extensions\redhat.java-1.18.0-win32-x64\lombok\lombok-1.18.27.jar -XX:+HeapDumpOnOutOfMemoryError -XX:HeapDumpPath=c:\Users\ysfak\AppData\Roaming\Code\User\workspaceStorage\ca28efd1694e7da4bbca29c777e59bae\redhat.java -Daether.dependencyCollector.impl=bf 
java_command: c:\Users\ysfak\.vscode\extensions\redhat.java-1.18.0-win32-x64\server\plugins\org.eclipse.equinox.launcher_1.6.400.v20210924-0641.jar -configuration c:\Users\ysfak\AppData\Roaming\Code\User\globalStorage\redhat.java\1.18.0\config_win -data c:\Users\ysfak\AppData\Roaming\Code\User\workspaceStorage\ca28efd1694e7da4bbca29c777e59bae\redhat.java\jdt_ws
java_class_path (initial): c:\Users\ysfak\.vscode\extensions\redhat.java-1.18.0-win32-x64\server\plugins\org.eclipse.equinox.launcher_1.6.400.v20210924-0641.jar
Launcher Type: SUN_STANDARD

[Global flags]
    uintx AdaptiveSizePolicyWeight                 = 90                                        {product} {command line}
     intx CICompilerCount                          = 4                                         {product} {ergonomic}
    uintx GCTimeRatio                              = 4                                         {product} {command line}
     bool HeapDumpOnOutOfMemoryError               = true                                   {manageable} {command line}
    ccstr HeapDumpPath                             = c:\Users\ysfak\AppData\Roaming\Code\User\workspaceStorage\ca28efd1694e7da4bbca29c777e59bae\redhat.java         {manageable} {command line}
   size_t InitialHeapSize                          = 104857600                                 {product} {command line}
   size_t MaxHeapSize                              = 1073741824                                {product} {command line}
   size_t MaxNewSize                               = 357564416                                 {product} {ergonomic}
   size_t MinHeapDeltaBytes                        = 524288                                    {product} {ergonomic}
   size_t MinHeapSize                              = 104857600                                 {product} {command line}
   size_t NewSize                                  = 34603008                                  {product} {ergonomic}
    uintx NonNMethodCodeHeapSize                   = 5839372                                {pd product} {ergonomic}
    uintx NonProfiledCodeHeapSize                  = 122909434                              {pd product} {ergonomic}
   size_t OldSize                                  = 70254592                                  {product} {ergonomic}
    uintx ProfiledCodeHeapSize                     = 122909434                              {pd product} {ergonomic}
    uintx ReservedCodeCacheSize                    = 251658240                              {pd product} {ergonomic}
     bool SegmentedCodeCache                       = true                                      {product} {ergonomic}
   size_t SoftMaxHeapSize                          = 1073741824                             {manageable} {ergonomic}
     bool UseCompressedClassPointers               = true                           {product lp64_product} {ergonomic}
     bool UseCompressedOops                        = true                           {product lp64_product} {ergonomic}
     bool UseLargePagesIndividualAllocation        = false                                  {pd product} {ergonomic}
     bool UseParallelGC                            = true                                      {product} {command line}

Logging:
Log output configuration:
 #0: stdout all=off uptime,level,tags
 #1: stderr all=off uptime,level,tags

Environment Variables:
PATH=C:\Program Files\Common Files\Oracle\Java\javapath;C:\Windows\system32;C:\Windows;C:\Windows\System32\Wbem;C:\Windows\System32\WindowsPowerShell\v1.0\;C:\Windows\System32\OpenSSH\;C:\Program Files (x86)\NVIDIA Corporation\PhysX\Common;C:\Program Files\NVIDIA Corporation\NVIDIA NvDLISR;C:\WINDOWS\system32;C:\WINDOWS;C:\WINDOWS\System32\Wbem;C:\WINDOWS\System32\WindowsPowerShell\v1.0\;C:\WINDOWS\System32\OpenSSH\;C:\Program Files\MATLAB\R2021b\bin;C:\Users\ysfak\AppData\Local\Microsoft\WindowsApps;C:\Users\ysfak\AppData\Local\Programs\Microsoft VS Code\bin;C:\Users\ysfak\AppData\Local\gitkraken\bin;%USERPROFILE%\AppData\Local\Microsoft\WindowsApps;
USERNAME=ysfak
OS=Windows_NT
PROCESSOR_IDENTIFIER=Intel64 Family 6 Model 142 Stepping 12, GenuineIntel
TMP=C:\Users\ysfak\AppData\Local\Temp
TEMP=C:\Users\ysfak\AppData\Local\Temp



---------------  S Y S T E M  ---------------

OS:
 Windows 11 , 64 bit Build 22621 (10.0.22621.1635)
OS uptime: 1 days 19:00 hours

CPU: total 8 (initial active 8) (4 cores per cpu, 2 threads per core) family 6 model 142 stepping 12 microcode 0xea, cx8, cmov, fxsr, ht, mmx, 3dnowpref, sse, sse2, sse3, ssse3, sse4.1, sse4.2, popcnt, lzcnt, tsc, tscinvbit, avx, avx2, aes, erms, clmul, bmi1, bmi2, adx, fma, vzeroupper, clflush, clflushopt

Memory: 4k page, system-wide physical 8072M (621M free)
TotalPageFile size 15686M (AvailPageFile size 1907M)
current process WorkingSet (physical memory assigned to process): 455M, peak: 500M
current process commit charge ("private bytes"): 465M, peak: 518M

vm_info: OpenJDK 64-Bit Server VM (17.0.7+7) for windows-amd64 JRE (17.0.7+7), built on Apr 18 2023 22:10:42 by "temurin" with MS VC++ 16.7 (VS2019)

END.
