#
# A fatal error has been detected by the Java Runtime Environment:
#
#  EXCEPTION_ACCESS_VIOLATION (0xc0000005) at pc=0x00007fff83fba226, pid=26216, tid=17212
#
# JRE version: OpenJDK Runtime Environment Temurin-17.0.7+7 (17.0.7+7) (build 17.0.7+7)
# Java VM: OpenJDK 64-Bit Server VM Temurin-17.0.7+7 (17.0.7+7, mixed mode, tiered, compressed oops, compressed class ptrs, parallel gc, windows-amd64)
# Problematic frame:
# V  [jvm.dll+0x6aa226]
#
# No core dump will be written. Minidumps are not enabled by default on client versions of Windows
#
# If you would like to submit a bug report, please visit:
#   https://github.com/adoptium/adoptium-support/issues
#

---------------  S U M M A R Y ------------

Command Line: --add-modules=ALL-SYSTEM --add-opens=java.base/java.util=ALL-UNNAMED --add-opens=java.base/java.lang=ALL-UNNAMED --add-opens=java.base/sun.nio.fs=ALL-UNNAMED -Declipse.application=org.eclipse.jdt.ls.core.id1 -Dosgi.bundles.defaultStartLevel=4 -Declipse.product=org.eclipse.jdt.ls.core.product -Djava.import.generatesMetadataFilesAtProjectRoot=false -Dfile.encoding=utf8 -XX:+UseParallelGC -XX:GCTimeRatio=4 -XX:AdaptiveSizePolicyWeight=90 -Dsun.zip.disableMemoryMapping=true -Xmx1G -Xms100m -Xlog:disable -javaagent:c:\Users\ysfak\.vscode\extensions\redhat.java-1.18.0-win32-x64\lombok\lombok-1.18.27.jar -XX:+HeapDumpOnOutOfMemoryError -XX:HeapDumpPath=c:\Users\ysfak\AppData\Roaming\Code\User\workspaceStorage\ca28efd1694e7da4bbca29c777e59bae\redhat.java -Daether.dependencyCollector.impl=bf c:\Users\ysfak\.vscode\extensions\redhat.java-1.18.0-win32-x64\server\plugins\org.eclipse.equinox.launcher_1.6.400.v20210924-0641.jar -configuration c:\Users\ysfak\AppData\Roaming\Code\User\globalStorage\redhat.java\1.18.0\config_win -data c:\Users\ysfak\AppData\Roaming\Code\User\workspaceStorage\ca28efd1694e7da4bbca29c777e59bae\redhat.java\jdt_ws

Host: Intel(R) Core(TM) i5-8265U CPU @ 1.60GHz, 8 cores, 7G,  Windows 11 , 64 bit Build 22621 (10.0.22621.1635)
Time: Fri May 19 16:52:31 2023 Türkiye Standart Saati elapsed time: 2980.876172 seconds (0d 0h 49m 40s)

---------------  T H R E A D  ---------------

Current thread (0x000001a387152a50):  GCTaskThread "GC Thread#6" [stack: 0x0000003196400000,0x0000003196500000] [id=17212]

Stack: [0x0000003196400000,0x0000003196500000],  sp=0x00000031964ff400,  free space=1021k
Native frames: (J=compiled Java code, j=interpreted, Vv=VM code, C=native code)
V  [jvm.dll+0x6aa226]
V  [jvm.dll+0x6aa56d]
V  [jvm.dll+0x6af0f8]
V  [jvm.dll+0x7e90b8]
V  [jvm.dll+0x6b393d]
V  [jvm.dll+0x860ffb]
V  [jvm.dll+0x861046]
V  [jvm.dll+0x7e4e7a]
V  [jvm.dll+0x676395]
C  [ucrtbase.dll+0x29363]
C  [KERNEL32.DLL+0x126ad]
C  [ntdll.dll+0x5a9f8]


siginfo: EXCEPTION_ACCESS_VIOLATION (0xc0000005), reading address 0xffffffffffffffff


Register to memory mapping:

RIP=0x00007fff83fba226 jvm.dll
RAX=0x1fffffffe8800000 is an unknown value
RBX=0x0000000004000000 is an unknown value
RCX=0x0 is NULL
RDX=0x000001a380000000 points into unknown readable memory: 0x0000000000050101 | 01 01 05 00 00 00 00 00
RSP=0x00000031964ff400 points into unknown readable memory: 0x00000000cee1b008 | 08 b0 e1 ce 00 00 00 00
RBP=0x000001a3febe6e40 points into unknown readable memory: 0x000001a3ead10150 | 50 01 d1 ea a3 01 00 00
RSI=0x00007fff842bf918 jvm.dll
RDI=0x00000000cee12d64 is pointing into object: [Lorg.eclipse.jdt.internal.compiler.ast.ASTNode; 
{0x00000000cee12c08} - klass: 'org/eclipse/jdt/internal/compiler/ast/ASTNode'[]
 - length: 100
R8 =0x007fffffffa20000 is an unknown value
R9 =0x0000000000000001 is an unknown value
R10=0x0000000000000064 is an unknown value
R11=0x00000000cee12c08 is an oop: [Lorg.eclipse.jdt.internal.compiler.ast.ASTNode; 
{0x00000000cee12c08} - klass: 'org/eclipse/jdt/internal/compiler/ast/ASTNode'[]
 - length: 100
R12=0x0 is NULL
R13=0x00000031964ff600 points into unknown readable memory: 0x00007fff842c0310 | 10 03 2c 84 ff 7f 00 00
R14=0x00000000cee12da8 is an oop: [Lorg.eclipse.jdt.internal.compiler.ast.Expression; 
{0x00000000cee12da8} - klass: 'org/eclipse/jdt/internal/compiler/ast/Expression'[]
 - length: 100
R15=0x00007fff84424770 jvm.dll


Registers:
RAX=0x1fffffffe8800000, RBX=0x0000000004000000, RCX=0x0000000000000000, RDX=0x000001a380000000
RSP=0x00000031964ff400, RBP=0x000001a3febe6e40, RSI=0x00007fff842bf918, RDI=0x00000000cee12d64
R8 =0x007fffffffa20000, R9 =0x0000000000000001, R10=0x0000000000000064, R11=0x00000000cee12c08
R12=0x0000000000000000, R13=0x00000031964ff600, R14=0x00000000cee12da8, R15=0x00007fff84424770
RIP=0x00007fff83fba226, EFLAGS=0x0000000000010206

Top of Stack: (sp=0x00000031964ff400)
0x00000031964ff400:   00000000cee1b008 00000000cee1b000
0x00000031964ff410:   00007fff84424770 00007fff8422aa20
0x00000031964ff420:   00007fff8422aa20 00007fff83fba56d
0x00000031964ff430:   000001a3febe6e40 00000031964ff499
0x00000031964ff440:   00007fff842bf918 000000000000302a
0x00000031964ff450:   0000000000000000 0000000000000000
0x00000031964ff460:   0000000000000000 0000000000000000
0x00000031964ff470:   0000000000000000 0000000000000000
0x00000031964ff480:   000001a38a7b8840 00007fff840f0001
0x00000031964ff490:   00007fff8422aa20 000001a3ece73c90
0x00000031964ff4a0:   000004b600000003 000001a3febe6e40
0x00000031964ff4b0:   0000000000000000 0000000000000000
0x00000031964ff4c0:   000001a38a7b8840 000001a38622c6e8
0x00000031964ff4d0:   00000000000003d8 000001a38748aed0
0x00000031964ff4e0:   000001a38622c300 000001a3febe6e40
0x00000031964ff4f0:   000001a38622c310 00007fff83fbf0f8 

Instructions: (pc=0x00007fff83fba226)
0x00007fff83fba126:   ff 48 39 b3 50 08 00 00 0f 85 e5 fe ff ff 48 83
0x00007fff83fba136:   c4 20 5f 5e 5b c3 cc cc cc cc 48 89 5c 24 08 48
0x00007fff83fba146:   89 6c 24 10 48 89 74 24 18 48 89 7c 24 20 41 56
0x00007fff83fba156:   48 83 ec 20 80 3d 2d 14 4c 00 00 bb 10 00 00 00
0x00007fff83fba166:   48 8b e9 4d 63 d0 4c 8b da 8b c3 8d 4b fc 0f 84
0x00007fff83fba176:   06 01 00 00 44 0f b6 0d 0d 14 4c 00 45 84 c9 0f
0x00007fff83fba186:   45 c1 4c 63 04 10 49 8b d2 49 8b c0 49 2b c2 41
0x00007fff83fba196:   ba 00 08 00 00 49 3b c2 4c 0f 42 d0 b8 18 00 00
0x00007fff83fba1a6:   00 4c 03 d2 45 84 c9 0f 45 c3 49 03 c3 48 8d 3c
0x00007fff83fba1b6:   90 4e 8d 34 90 4d 3b d0 73 0e 4d 8b c2 49 8b d3
0x00007fff83fba1c6:   48 8b cd e8 62 0b 00 00 49 3b fe 0f 83 90 01 00
0x00007fff83fba1d6:   00 66 0f 1f 84 00 00 00 00 00 8b 07 85 c0 0f 84
0x00007fff83fba1e6:   84 00 00 00 8b 0d f8 50 45 00 8b d8 48 8b 15 f7
0x00007fff83fba1f6:   ae 4d 00 48 d3 e3 48 03 1d dd 50 45 00 8b 0d 2f
0x00007fff83fba206:   60 45 00 48 8b c3 48 2b 02 48 8b 52 10 48 c1 e8
0x00007fff83fba216:   03 48 d3 e8 4c 8b c0 24 3f 49 c1 e8 06 0f b6 c8
0x00007fff83fba226:   4a 8b 04 c2 48 0f a3 c8 72 3e 48 8b cb e8 98 26
0x00007fff83fba236:   96 ff 48 63 f0 48 8d 0d 7e b0 4d 00 4c 8b c6 48
0x00007fff83fba246:   8b d3 e8 e3 75 fd ff 84 c0 74 1d 4c 8b c6 48 8d
0x00007fff83fba256:   0d a5 b0 4d 00 48 8b d3 e8 dd 2e 00 00 48 8b d3
0x00007fff83fba266:   48 8b cd e8 22 0a 00 00 48 83 c7 04 49 3b fe 0f
0x00007fff83fba276:   82 65 ff ff ff e9 e7 00 00 00 0f b6 15 08 13 4c
0x00007fff83fba286:   00 84 d2 48 0f 45 c1 49 8b ca 4e 63 0c 18 49 8b
0x00007fff83fba296:   c1 49 2b c2 41 ba 00 08 00 00 49 3b c2 4c 0f 42
0x00007fff83fba2a6:   d0 b8 18 00 00 00 4c 03 d1 84 d2 48 0f 45 c3 49
0x00007fff83fba2b6:   03 c3 48 8d 3c c8 4e 8d 34 d0 4d 3b d1 73 0e 4d
0x00007fff83fba2c6:   8b c2 49 8b d3 48 8b cd e8 5d 0a 00 00 49 3b fe
0x00007fff83fba2d6:   0f 83 8b 00 00 00 0f 1f 40 00 48 8b 1f 48 85 db
0x00007fff83fba2e6:   74 72 48 8b 15 01 ae 4d 00 48 8b c3 8b 0d 40 5f
0x00007fff83fba2f6:   45 00 48 2b 02 48 8b 52 10 48 c1 e8 03 48 d3 e8
0x00007fff83fba306:   4c 8b c0 24 3f 49 c1 e8 06 0f b6 c8 4a 8b 04 c2
0x00007fff83fba316:   48 0f a3 c8 72 3e 48 8b cb e8 ac 25 96 ff 48 63 


Stack slot to memory mapping:
stack at sp + 0 slots: 0x00000000cee1b008 is an oop: java.util.HashMap$Node 
{0x00000000cee1b008} - klass: 'java/util/HashMap$Node'
 - ---- fields (total size 4 words):
 - final 'hash' 'I' @12  -93436878 (fa6e4432)
 - final 'key' 'Ljava/lang/Object;' @16  "non-sealed"{0x00000000c1816b20} (c1816b20)
 - 'value' 'Ljava/lang/Object;' @20  a 'java/lang/Integer'{0x00000000c0582b18} = 45 (c0582b18)
 - 'next' 'Ljava/util/HashMap$Node;' @24  NULL (0)
stack at sp + 1 slots: 0x00000000cee1b000 is pointing into object: [Ljava.util.HashMap$Node; 
{0x00000000cee1aff0} - klass: 'java/util/HashMap$Node'[]
 - length: 2
stack at sp + 2 slots: 0x00007fff84424770 jvm.dll
stack at sp + 3 slots: 0x00007fff8422aa20 jvm.dll
stack at sp + 4 slots: 0x00007fff8422aa20 jvm.dll
stack at sp + 5 slots: 0x00007fff83fba56d jvm.dll
stack at sp + 6 slots: 0x000001a3febe6e40 points into unknown readable memory: 0x000001a3ead10150 | 50 01 d1 ea a3 01 00 00
stack at sp + 7 slots: 0x00000031964ff499 points into unknown readable memory: 3c e7 ec a3 01 00 00


---------------  P R O C E S S  ---------------

Threads class SMR info:
_java_thread_list=0x000001a3870bf830, length=34, elements={
0x000001a3ece5c6e0, 0x000001a386037040, 0x000001a386038650, 0x000001a3fecda130,
0x000001a3fecdace0, 0x000001a3fecdb890, 0x000001a3fecdc440, 0x000001a38606d850,
0x000001a3860a28f0, 0x000001a3860c56a0, 0x000001a38614ab70, 0x000001a3863e01b0,
0x000001a387655780, 0x000001a3879872e0, 0x000001a387a895f0, 0x000001a3879da730,
0x000001a387f14bb0, 0x000001a387eac880, 0x000001a387eaa6d0, 0x000001a387eaaba0,
0x000001a387eac3b0, 0x000001a387ea9860, 0x000001a38b1845d0, 0x000001a38b185de0,
0x000001a38b184aa0, 0x000001a38b186780, 0x000001a38b187120, 0x000001a38a7ba520,
0x000001a38a7bc6d0, 0x000001a38a7ba050, 0x000001a38a7bcba0, 0x000001a38a7b8840,
0x000001a38a7ba9f0, 0x000001a38a3d17f0
}

Java Threads: ( => current thread )
  0x000001a3ece5c6e0 JavaThread "main" [_thread_blocked, id=29252, stack(0x0000003194f00000,0x0000003195000000)]
  0x000001a386037040 JavaThread "Reference Handler" daemon [_thread_blocked, id=24276, stack(0x0000003195200000,0x0000003195300000)]
  0x000001a386038650 JavaThread "Finalizer" daemon [_thread_blocked, id=21388, stack(0x0000003195300000,0x0000003195400000)]
  0x000001a3fecda130 JavaThread "Signal Dispatcher" daemon [_thread_blocked, id=13424, stack(0x0000003195400000,0x0000003195500000)]
  0x000001a3fecdace0 JavaThread "Attach Listener" daemon [_thread_blocked, id=28724, stack(0x0000003195500000,0x0000003195600000)]
  0x000001a3fecdb890 JavaThread "Service Thread" daemon [_thread_blocked, id=19468, stack(0x0000003195600000,0x0000003195700000)]
  0x000001a3fecdc440 JavaThread "Monitor Deflation Thread" daemon [_thread_blocked, id=27404, stack(0x0000003195700000,0x0000003195800000)]
  0x000001a38606d850 JavaThread "C2 CompilerThread0" daemon [_thread_blocked, id=19068, stack(0x0000003195800000,0x0000003195900000)]
  0x000001a3860a28f0 JavaThread "C1 CompilerThread0" daemon [_thread_blocked, id=23384, stack(0x0000003195900000,0x0000003195a00000)]
  0x000001a3860c56a0 JavaThread "Sweeper thread" daemon [_thread_blocked, id=15384, stack(0x0000003195a00000,0x0000003195b00000)]
  0x000001a38614ab70 JavaThread "Common-Cleaner" daemon [_thread_blocked, id=13960, stack(0x0000003195b00000,0x0000003195c00000)]
  0x000001a3863e01b0 JavaThread "Notification Thread" daemon [_thread_blocked, id=11484, stack(0x0000003195c00000,0x0000003195d00000)]
  0x000001a387655780 JavaThread "Active Thread: Equinox Container: 60d018a7-6fd6-4550-94fa-a855ed3d031a" [_thread_blocked, id=21804, stack(0x0000003196500000,0x0000003196600000)]
  0x000001a3879872e0 JavaThread "Framework Event Dispatcher: Equinox Container: 60d018a7-6fd6-4550-94fa-a855ed3d031a" daemon [_thread_blocked, id=18980, stack(0x0000003196700000,0x0000003196800000)]
  0x000001a387a895f0 JavaThread "Start Level: Equinox Container: 60d018a7-6fd6-4550-94fa-a855ed3d031a" daemon [_thread_blocked, id=20160, stack(0x0000003196800000,0x0000003196900000)]
  0x000001a3879da730 JavaThread "SCR Component Actor" daemon [_thread_blocked, id=24224, stack(0x0000003196900000,0x0000003196a00000)]
  0x000001a387f14bb0 JavaThread "Worker-JM" [_thread_blocked, id=27616, stack(0x0000003196c00000,0x0000003196d00000)]
  0x000001a387eac880 JavaThread "Java indexing" daemon [_thread_blocked, id=19604, stack(0x0000003196f00000,0x0000003197000000)]
  0x000001a387eaa6d0 JavaThread "JNA Cleaner" daemon [_thread_blocked, id=3904, stack(0x0000003197000000,0x0000003197100000)]
  0x000001a387eaaba0 JavaThread "pool-2-thread-1" [_thread_blocked, id=3992, stack(0x0000003196600000,0x0000003196700000)]
  0x000001a387eac3b0 JavaThread "pool-1-thread-1" [_thread_in_native, id=14880, stack(0x0000003197100000,0x0000003197200000)]
  0x000001a387ea9860 JavaThread "ForkJoinPool.commonPool-worker-1" daemon [_thread_blocked, id=3792, stack(0x0000003197300000,0x0000003197400000)]
  0x000001a38b1845d0 JavaThread "ForkJoinPool.commonPool-worker-2" daemon [_thread_blocked, id=28140, stack(0x0000003197600000,0x0000003197700000)]
  0x000001a38b185de0 JavaThread "ForkJoinPool.commonPool-worker-4" daemon [_thread_blocked, id=28592, stack(0x0000003197800000,0x0000003197900000)]
  0x000001a38b184aa0 JavaThread "ForkJoinPool.commonPool-worker-5" daemon [_thread_blocked, id=15736, stack(0x0000003197900000,0x0000003197a00000)]
  0x000001a38b186780 JavaThread "ForkJoinPool.commonPool-worker-6" daemon [_thread_blocked, id=21988, stack(0x0000003197a00000,0x0000003197b00000)]
  0x000001a38b187120 JavaThread "Bundle File Closer" daemon [_thread_blocked, id=5360, stack(0x0000003197c00000,0x0000003197d00000)]
  0x000001a38a7ba520 JavaThread "Java Debug Server" daemon [_thread_in_native, id=29080, stack(0x0000003195e00000,0x0000003195f00000)]
  0x000001a38a7bc6d0 JavaThread "RxSchedulerPurge-1" daemon [_thread_blocked, id=5976, stack(0x0000003197e00000,0x0000003197f00000)]
  0x000001a38a7ba050 JavaThread "RxCachedWorkerPoolEvictor-1" daemon [_thread_blocked, id=22840, stack(0x0000003197f00000,0x0000003198000000)]
  0x000001a38a7bcba0 JavaThread "Worker-20" [_thread_blocked, id=22608, stack(0x0000003194c00000,0x0000003194d00000)]
  0x000001a38a7b8840 JavaThread "ForkJoinPool.commonPool-worker-9" daemon [_thread_blocked, id=21284, stack(0x0000003194d00000,0x0000003194e00000)]
  0x000001a38a7ba9f0 JavaThread "ForkJoinPool.commonPool-worker-10" daemon [_thread_blocked, id=20520, stack(0x0000003194e00000,0x0000003194f00000)]
  0x000001a38a3d17f0 JavaThread "Worker-25" [_thread_blocked, id=15676, stack(0x0000003196d00000,0x0000003196e00000)]

Other Threads:
  0x000001a386020c20 VMThread "VM Thread" [stack: 0x0000003195100000,0x0000003195200000] [id=24488]
  0x000001a3863e0680 WatcherThread [stack: 0x0000003195d00000,0x0000003195e00000] [id=15456]
  0x000001a3ece71d00 GCTaskThread "GC Thread#0" [stack: 0x0000003195000000,0x0000003195100000] [id=23028]
  0x000001a38792f050 GCTaskThread "GC Thread#1" [stack: 0x0000003195f00000,0x0000003196000000] [id=8416]
  0x000001a38792f510 GCTaskThread "GC Thread#2" [stack: 0x0000003196000000,0x0000003196100000] [id=16404]
  0x000001a387152240 GCTaskThread "GC Thread#3" [stack: 0x0000003196100000,0x0000003196200000] [id=23488]
  0x000001a3871524f0 GCTaskThread "GC Thread#4" [stack: 0x0000003196200000,0x0000003196300000] [id=16884]
  0x000001a3871527a0 GCTaskThread "GC Thread#5" [stack: 0x0000003196300000,0x0000003196400000] [id=26676]
=>0x000001a387152a50 GCTaskThread "GC Thread#6" [stack: 0x0000003196400000,0x0000003196500000] [id=17212]
  0x000001a387930ad0 GCTaskThread "GC Thread#7" [stack: 0x0000003196a00000,0x0000003196b00000] [id=13000]

Threads with active compile tasks:

VM state: at safepoint (normal execution)

VM Mutex/Monitor currently owned by a thread:  ([mutex/lock_event])
[0x000001a3ece59070] Threads_lock - owner thread: 0x000001a386020c20
[0x000001a3ece58920] Heap_lock - owner thread: 0x000001a38a7b8840

Heap address: 0x00000000c0000000, size: 1024 MB, Compressed Oops mode: 32-bit

CDS archive(s) not mapped
Compressed class space mapped at: 0x0000000100000000-0x0000000140000000, reserved size: 1073741824
Narrow klass base: 0x0000000000000000, Narrow klass shift: 3, Narrow klass range: 0x140000000

GC Precious Log:
 CPUs: 8 total, 8 available
 Memory: 8072M
 Large Page Support: Disabled
 NUMA Support: Disabled
 Compressed Oops: Enabled (32-bit)
 Alignments: Space 512K, Generation 512K, Heap 2M
 Heap Min Capacity: 100M
 Heap Initial Capacity: 100M
 Heap Max Capacity: 1G
 Pre-touch: Disabled
 Parallel Workers: 8

Heap:
 PSYoungGen      total 5632K, used 1900K [0x00000000eab00000, 0x00000000eb300000, 0x0000000100000000)
  eden space 3072K, 0% used [0x00000000eab00000,0x00000000eab00000,0x00000000eae00000)
  from space 2560K, 74% used [0x00000000eb080000,0x00000000eb25b158,0x00000000eb300000)
  to   space 2560K, 0% used [0x00000000eae00000,0x00000000eae00000,0x00000000eb080000)
 ParOldGen       total 261120K, used 260130K [0x00000000c0000000, 0x00000000cff00000, 0x00000000eab00000)
  object space 261120K, 99% used [0x00000000c0000000,0x00000000cfe08bf8,0x00000000cff00000)
 Metaspace       used 93007K, committed 94144K, reserved 1179648K
  class space    used 9062K, committed 9600K, reserved 1048576K

Card table byte_map: [0x000001a3ec810000,0x000001a3eca20000] _byte_map_base: 0x000001a3ec210000

Marking Bits: (ParMarkBitMap*) 0x00007fff844952c0
 Begin Bits: [0x000001a380000000, 0x000001a381000000)
 End Bits:   [0x000001a381000000, 0x000001a382000000)

Polling page: 0x000001a3eae50000

Metaspace:

Usage:
  Non-class:     81.98 MB used.
      Class:      8.85 MB used.
       Both:     90.83 MB used.

Virtual space:
  Non-class space:      128.00 MB reserved,      82.56 MB ( 65%) committed,  2 nodes.
      Class space:        1.00 GB reserved,       9.38 MB ( <1%) committed,  1 nodes.
             Both:        1.12 GB reserved,      91.94 MB (  8%) committed. 

Chunk freelists:
   Non-Class:  13.05 MB
       Class:  6.62 MB
        Both:  19.67 MB

MaxMetaspaceSize: unlimited
CompressedClassSpaceSize: 1.00 GB
Initial GC threshold: 21.00 MB
Current GC threshold: 153.06 MB
CDS: off
MetaspaceReclaimPolicy: balanced
 - commit_granule_bytes: 65536.
 - commit_granule_words: 8192.
 - virtual_space_node_default_size: 8388608.
 - enlarge_chunks_in_place: 1.
 - new_chunks_are_fully_committed: 0.
 - uncommit_free_chunks: 1.
 - use_allocation_guard: 0.
 - handle_deallocations: 1.


Internal statistics:

num_allocs_failed_limit: 9.
num_arena_births: 724.
num_arena_deaths: 124.
num_vsnodes_births: 3.
num_vsnodes_deaths: 0.
num_space_committed: 1471.
num_space_uncommitted: 0.
num_chunks_returned_to_freelist: 154.
num_chunks_taken_from_freelist: 4577.
num_chunk_merges: 55.
num_chunk_splits: 2827.
num_chunks_enlarged: 1622.
num_inconsistent_stats: 0.

CodeHeap 'non-profiled nmethods': size=120000Kb used=34220Kb max_used=34368Kb free=85779Kb
 bounds [0x000001a3f75b0000, 0x000001a3f9750000, 0x000001a3feae0000]
CodeHeap 'profiled nmethods': size=120000Kb used=37326Kb max_used=38995Kb free=82673Kb
 bounds [0x000001a3efae0000, 0x000001a3f2130000, 0x000001a3f7010000]
CodeHeap 'non-nmethods': size=5760Kb used=1441Kb max_used=1571Kb free=4318Kb
 bounds [0x000001a3f7010000, 0x000001a3f7280000, 0x000001a3f75b0000]
 total_blobs=20309 nmethods=19523 adapters=693
 compilation: enabled
              stopped_count=0, restarted_count=0
 full_count=0

Compilation events (20 events):
Event: 2959.479 Thread 0x000001a3860a28f0 31398   !   3       java.lang.ModuleLayer::getServicesCatalog (91 bytes)
Event: 2959.479 Thread 0x000001a3860a28f0 nmethod 31398 0x000001a3f19fb190 code [0x000001a3f19fb400, 0x000001a3f19fbe78]
Event: 2959.479 Thread 0x000001a3860a28f0 31399       3       org.jsoup.nodes.Node::hasAttr (65 bytes)
Event: 2959.480 Thread 0x000001a3860a28f0 nmethod 31399 0x000001a3f1a2a590 code [0x000001a3f1a2a840, 0x000001a3f1a2b508]
Event: 2959.480 Thread 0x000001a3860a28f0 31397       3       java.util.ServiceLoader::load (13 bytes)
Event: 2959.480 Thread 0x000001a3860a28f0 nmethod 31397 0x000001a3f1ebb710 code [0x000001a3f1ebb8c0, 0x000001a3f1ebba98]
Event: 2966.405 Thread 0x000001a38606d850 31400       4       org.eclipse.jdt.internal.compiler.parser.JavadocParser::parseTag (2321 bytes)
Event: 2966.515 Thread 0x000001a38606d850 nmethod 31400 0x000001a3f89d2710 code [0x000001a3f89d2b40, 0x000001a3f89d5b98]
Event: 2966.945 Thread 0x000001a38606d850 31401   !   4       org.eclipse.jdt.internal.compiler.parser.AbstractCommentParser::parseParam (1210 bytes)
Event: 2967.203 Thread 0x000001a38606d850 nmethod 31401 0x000001a3f90a4890 code [0x000001a3f90a5d80, 0x000001a3f90ab1e8]
Event: 2968.156 Thread 0x000001a38606d850 31402   !   4       org.eclipse.jdt.internal.compiler.ast.TypeDeclaration::resolve (1758 bytes)
Event: 2968.214 Thread 0x000001a38606d850 nmethod 31402 0x000001a3f9166790 code [0x000001a3f9166b60, 0x000001a3f9169628]
Event: 2968.773 Thread 0x000001a38606d850 31403       4       org.eclipse.jdt.internal.compiler.ast.AbstractMethodDeclaration::resolveJavadoc (138 bytes)
Event: 2968.779 Thread 0x000001a38606d850 nmethod 31403 0x000001a3f8172610 code [0x000001a3f81727c0, 0x000001a3f81729e8]
Event: 2970.437 Thread 0x000001a38606d850 31404       4       org.eclipse.jdt.internal.compiler.lookup.NestedTypeBinding::addSyntheticArgumentAndField (45 bytes)
Event: 2970.497 Thread 0x000001a38606d850 nmethod 31404 0x000001a3f908f910 code [0x000001a3f908fbe0, 0x000001a3f9092048]
Event: 2975.308 Thread 0x000001a38606d850 31405   !   4       org.eclipse.jdt.internal.core.JavaModelManager::addInvalidArchive (81 bytes)
Event: 2975.409 Thread 0x000001a38606d850 nmethod 31405 0x000001a3f8be9d10 code [0x000001a3f8be9ec0, 0x000001a3f8bea3c8]
Event: 2979.920 Thread 0x000001a38606d850 31406       4       org.eclipse.jdt.internal.compiler.parser.AbstractCommentParser::readTokenAndConsume (11 bytes)
Event: 2979.925 Thread 0x000001a38606d850 nmethod 31406 0x000001a3f7e6f590 code [0x000001a3f7e6f720, 0x000001a3f7e6f8f8]

GC Heap History (20 events):
Event: 2980.791 GC heap after
{Heap after GC invocations=16276 (full 369):
 PSYoungGen      total 3072K, used 496K [0x00000000eab00000, 0x00000000eb080000, 0x0000000100000000)
  eden space 2560K, 0% used [0x00000000eab00000,0x00000000eab00000,0x00000000ead80000)
  from space 512K, 96% used [0x00000000eae80000,0x00000000eaefc258,0x00000000eaf00000)
  to   space 1536K, 0% used [0x00000000eaf00000,0x00000000eaf00000,0x00000000eb080000)
 ParOldGen       total 261120K, used 241926K [0x00000000c0000000, 0x00000000cff00000, 0x00000000eab00000)
  object space 261120K, 92% used [0x00000000c0000000,0x00000000cec41960,0x00000000cff00000)
 Metaspace       used 93007K, committed 94144K, reserved 1179648K
  class space    used 9062K, committed 9600K, reserved 1048576K
}
Event: 2980.807 GC heap before
{Heap before GC invocations=16277 (full 369):
 PSYoungGen      total 3072K, used 3054K [0x00000000eab00000, 0x00000000eb080000, 0x0000000100000000)
  eden space 2560K, 99% used [0x00000000eab00000,0x00000000ead7f698,0x00000000ead80000)
  from space 512K, 96% used [0x00000000eae80000,0x00000000eaefc258,0x00000000eaf00000)
  to   space 1536K, 0% used [0x00000000eaf00000,0x00000000eaf00000,0x00000000eb080000)
 ParOldGen       total 261120K, used 243570K [0x00000000c0000000, 0x00000000cff00000, 0x00000000eab00000)
  object space 261120K, 93% used [0x00000000c0000000,0x00000000ceddcab8,0x00000000cff00000)
 Metaspace       used 93007K, committed 94144K, reserved 1179648K
  class space    used 9062K, committed 9600K, reserved 1048576K
}
Event: 2980.809 GC heap after
{Heap after GC invocations=16277 (full 369):
 PSYoungGen      total 4096K, used 1218K [0x00000000eab00000, 0x00000000eb080000, 0x0000000100000000)
  eden space 2560K, 0% used [0x00000000eab00000,0x00000000eab00000,0x00000000ead80000)
  from space 1536K, 79% used [0x00000000eaf00000,0x00000000eb030aa0,0x00000000eb080000)
  to   space 1536K, 0% used [0x00000000ead80000,0x00000000ead80000,0x00000000eaf00000)
 ParOldGen       total 261120K, used 244089K [0x00000000c0000000, 0x00000000cff00000, 0x00000000eab00000)
  object space 261120K, 93% used [0x00000000c0000000,0x00000000cee5e728,0x00000000cff00000)
 Metaspace       used 93007K, committed 94144K, reserved 1179648K
  class space    used 9062K, committed 9600K, reserved 1048576K
}
Event: 2980.814 GC heap before
{Heap before GC invocations=16278 (full 369):
 PSYoungGen      total 4096K, used 3578K [0x00000000eab00000, 0x00000000eb080000, 0x0000000100000000)
  eden space 2560K, 92% used [0x00000000eab00000,0x00000000ead4df60,0x00000000ead80000)
  from space 1536K, 79% used [0x00000000eaf00000,0x00000000eb030aa0,0x00000000eb080000)
  to   space 1536K, 0% used [0x00000000ead80000,0x00000000ead80000,0x00000000eaf00000)
 ParOldGen       total 261120K, used 244089K [0x00000000c0000000, 0x00000000cff00000, 0x00000000eab00000)
  object space 261120K, 93% used [0x00000000c0000000,0x00000000cee5e728,0x00000000cff00000)
 Metaspace       used 93007K, committed 94144K, reserved 1179648K
  class space    used 9062K, committed 9600K, reserved 1048576K
}
Event: 2980.815 GC heap after
{Heap after GC invocations=16278 (full 369):
 PSYoungGen      total 4096K, used 911K [0x00000000eab00000, 0x00000000eb080000, 0x0000000100000000)
  eden space 2560K, 0% used [0x00000000eab00000,0x00000000eab00000,0x00000000ead80000)
  from space 1536K, 59% used [0x00000000ead80000,0x00000000eae63ea8,0x00000000eaf00000)
  to   space 1536K, 0% used [0x00000000eaf00000,0x00000000eaf00000,0x00000000eb080000)
 ParOldGen       total 261120K, used 246617K [0x00000000c0000000, 0x00000000cff00000, 0x00000000eab00000)
  object space 261120K, 94% used [0x00000000c0000000,0x00000000cf0d65c0,0x00000000cff00000)
 Metaspace       used 93007K, committed 94144K, reserved 1179648K
  class space    used 9062K, committed 9600K, reserved 1048576K
}
Event: 2980.823 GC heap before
{Heap before GC invocations=16279 (full 369):
 PSYoungGen      total 4096K, used 3426K [0x00000000eab00000, 0x00000000eb080000, 0x0000000100000000)
  eden space 2560K, 98% used [0x00000000eab00000,0x00000000ead74ad8,0x00000000ead80000)
  from space 1536K, 59% used [0x00000000ead80000,0x00000000eae63ea8,0x00000000eaf00000)
  to   space 1536K, 0% used [0x00000000eaf00000,0x00000000eaf00000,0x00000000eb080000)
 ParOldGen       total 261120K, used 249906K [0x00000000c0000000, 0x00000000cff00000, 0x00000000eab00000)
  object space 261120K, 95% used [0x00000000c0000000,0x00000000cf40c870,0x00000000cff00000)
 Metaspace       used 93007K, committed 94144K, reserved 1179648K
  class space    used 9062K, committed 9600K, reserved 1048576K
}
Event: 2980.824 GC heap after
{Heap after GC invocations=16279 (full 369):
 PSYoungGen      total 3584K, used 637K [0x00000000eab00000, 0x00000000eb000000, 0x0000000100000000)
  eden space 2560K, 0% used [0x00000000eab00000,0x00000000eab00000,0x00000000ead80000)
  from space 1024K, 62% used [0x00000000eaf00000,0x00000000eaf9f478,0x00000000eb000000)
  to   space 1024K, 0% used [0x00000000eae00000,0x00000000eae00000,0x00000000eaf00000)
 ParOldGen       total 261120K, used 249938K [0x00000000c0000000, 0x00000000cff00000, 0x00000000eab00000)
  object space 261120K, 95% used [0x00000000c0000000,0x00000000cf414870,0x00000000cff00000)
 Metaspace       used 93007K, committed 94144K, reserved 1179648K
  class space    used 9062K, committed 9600K, reserved 1048576K
}
Event: 2980.827 GC heap before
{Heap before GC invocations=16280 (full 369):
 PSYoungGen      total 3584K, used 3160K [0x00000000eab00000, 0x00000000eb000000, 0x0000000100000000)
  eden space 2560K, 98% used [0x00000000eab00000,0x00000000ead76dd0,0x00000000ead80000)
  from space 1024K, 62% used [0x00000000eaf00000,0x00000000eaf9f478,0x00000000eb000000)
  to   space 1024K, 0% used [0x00000000eae00000,0x00000000eae00000,0x00000000eaf00000)
 ParOldGen       total 261120K, used 249938K [0x00000000c0000000, 0x00000000cff00000, 0x00000000eab00000)
  object space 261120K, 95% used [0x00000000c0000000,0x00000000cf414870,0x00000000cff00000)
 Metaspace       used 93007K, committed 94144K, reserved 1179648K
  class space    used 9062K, committed 9600K, reserved 1048576K
}
Event: 2980.828 GC heap after
{Heap after GC invocations=16280 (full 369):
 PSYoungGen      total 3584K, used 669K [0x00000000eab00000, 0x00000000eaf80000, 0x0000000100000000)
  eden space 2560K, 0% used [0x00000000eab00000,0x00000000eab00000,0x00000000ead80000)
  from space 1024K, 65% used [0x00000000eae00000,0x00000000eaea7578,0x00000000eaf00000)
  to   space 512K, 0% used [0x00000000eaf00000,0x00000000eaf00000,0x00000000eaf80000)
 ParOldGen       total 261120K, used 251622K [0x00000000c0000000, 0x00000000cff00000, 0x00000000eab00000)
  object space 261120K, 96% used [0x00000000c0000000,0x00000000cf5b99c8,0x00000000cff00000)
 Metaspace       used 93007K, committed 94144K, reserved 1179648K
  class space    used 9062K, committed 9600K, reserved 1048576K
}
Event: 2980.835 GC heap before
{Heap before GC invocations=16281 (full 369):
 PSYoungGen      total 3584K, used 3140K [0x00000000eab00000, 0x00000000eaf80000, 0x0000000100000000)
  eden space 2560K, 96% used [0x00000000eab00000,0x00000000ead69da0,0x00000000ead80000)
  from space 1024K, 65% used [0x00000000eae00000,0x00000000eaea7578,0x00000000eaf00000)
  to   space 512K, 0% used [0x00000000eaf00000,0x00000000eaf00000,0x00000000eaf80000)
 ParOldGen       total 261120K, used 253266K [0x00000000c0000000, 0x00000000cff00000, 0x00000000eab00000)
  object space 261120K, 96% used [0x00000000c0000000,0x00000000cf754b20,0x00000000cff00000)
 Metaspace       used 93007K, committed 94144K, reserved 1179648K
  class space    used 9062K, committed 9600K, reserved 1048576K
}
Event: 2980.836 GC heap after
{Heap after GC invocations=16281 (full 369):
 PSYoungGen      total 3072K, used 224K [0x00000000eab00000, 0x00000000eaf80000, 0x0000000100000000)
  eden space 2560K, 0% used [0x00000000eab00000,0x00000000eab00000,0x00000000ead80000)
  from space 512K, 43% used [0x00000000eaf00000,0x00000000eaf38000,0x00000000eaf80000)
  to   space 512K, 0% used [0x00000000eae80000,0x00000000eae80000,0x00000000eaf00000)
 ParOldGen       total 261120K, used 253274K [0x00000000c0000000, 0x00000000cff00000, 0x00000000eab00000)
  object space 261120K, 96% used [0x00000000c0000000,0x00000000cf756b20,0x00000000cff00000)
 Metaspace       used 93007K, committed 94144K, reserved 1179648K
  class space    used 9062K, committed 9600K, reserved 1048576K
}
Event: 2980.841 GC heap before
{Heap before GC invocations=16282 (full 369):
 PSYoungGen      total 3072K, used 2784K [0x00000000eab00000, 0x00000000eaf80000, 0x0000000100000000)
  eden space 2560K, 100% used [0x00000000eab00000,0x00000000ead80000,0x00000000ead80000)
  from space 512K, 43% used [0x00000000eaf00000,0x00000000eaf38000,0x00000000eaf80000)
  to   space 512K, 0% used [0x00000000eae80000,0x00000000eae80000,0x00000000eaf00000)
 ParOldGen       total 261120K, used 253274K [0x00000000c0000000, 0x00000000cff00000, 0x00000000eab00000)
  object space 261120K, 96% used [0x00000000c0000000,0x00000000cf756b20,0x00000000cff00000)
 Metaspace       used 93007K, committed 94144K, reserved 1179648K
  class space    used 9062K, committed 9600K, reserved 1048576K
}
Event: 2980.842 GC heap after
{Heap after GC invocations=16282 (full 369):
 PSYoungGen      total 3072K, used 452K [0x00000000eab00000, 0x00000000eaf80000, 0x0000000100000000)
  eden space 2560K, 0% used [0x00000000eab00000,0x00000000eab00000,0x00000000ead80000)
  from space 512K, 88% used [0x00000000eae80000,0x00000000eaef1050,0x00000000eaf00000)
  to   space 512K, 0% used [0x00000000eaf00000,0x00000000eaf00000,0x00000000eaf80000)
 ParOldGen       total 261120K, used 254951K [0x00000000c0000000, 0x00000000cff00000, 0x00000000eab00000)
  object space 261120K, 97% used [0x00000000c0000000,0x00000000cf8f9c78,0x00000000cff00000)
 Metaspace       used 93007K, committed 94144K, reserved 1179648K
  class space    used 9062K, committed 9600K, reserved 1048576K
}
Event: 2980.847 GC heap before
{Heap before GC invocations=16283 (full 369):
 PSYoungGen      total 3072K, used 2967K [0x00000000eab00000, 0x00000000eaf80000, 0x0000000100000000)
  eden space 2560K, 98% used [0x00000000eab00000,0x00000000ead74ef0,0x00000000ead80000)
  from space 512K, 88% used [0x00000000eae80000,0x00000000eaef1050,0x00000000eaf00000)
  to   space 512K, 0% used [0x00000000eaf00000,0x00000000eaf00000,0x00000000eaf80000)
 ParOldGen       total 261120K, used 256595K [0x00000000c0000000, 0x00000000cff00000, 0x00000000eab00000)
  object space 261120K, 98% used [0x00000000c0000000,0x00000000cfa94dd0,0x00000000cff00000)
 Metaspace       used 93007K, committed 94144K, reserved 1179648K
  class space    used 9062K, committed 9600K, reserved 1048576K
}
Event: 2980.848 GC heap after
{Heap after GC invocations=16283 (full 369):
 PSYoungGen      total 3072K, used 224K [0x00000000eab00000, 0x00000000eaf80000, 0x0000000100000000)
  eden space 2560K, 0% used [0x00000000eab00000,0x00000000eab00000,0x00000000ead80000)
  from space 512K, 43% used [0x00000000eaf00000,0x00000000eaf38000,0x00000000eaf80000)
  to   space 512K, 0% used [0x00000000eae80000,0x00000000eae80000,0x00000000eaf00000)
 ParOldGen       total 261120K, used 256603K [0x00000000c0000000, 0x00000000cff00000, 0x00000000eab00000)
  object space 261120K, 98% used [0x00000000c0000000,0x00000000cfa96dd0,0x00000000cff00000)
 Metaspace       used 93007K, committed 94144K, reserved 1179648K
  class space    used 9062K, committed 9600K, reserved 1048576K
}
Event: 2980.852 GC heap before
{Heap before GC invocations=16284 (full 369):
 PSYoungGen      total 3072K, used 2779K [0x00000000eab00000, 0x00000000eaf80000, 0x0000000100000000)
  eden space 2560K, 99% used [0x00000000eab00000,0x00000000ead7ef28,0x00000000ead80000)
  from space 512K, 43% used [0x00000000eaf00000,0x00000000eaf38000,0x00000000eaf80000)
  to   space 512K, 0% used [0x00000000eae80000,0x00000000eae80000,0x00000000eaf00000)
 ParOldGen       total 261120K, used 256603K [0x00000000c0000000, 0x00000000cff00000, 0x00000000eab00000)
  object space 261120K, 98% used [0x00000000c0000000,0x00000000cfa96dd0,0x00000000cff00000)
 Metaspace       used 93007K, committed 94144K, reserved 1179648K
  class space    used 9062K, committed 9600K, reserved 1048576K
}
Event: 2980.853 GC heap after
{Heap after GC invocations=16284 (full 369):
 PSYoungGen      total 3072K, used 507K [0x00000000eab00000, 0x00000000eb380000, 0x0000000100000000)
  eden space 2560K, 0% used [0x00000000eab00000,0x00000000eab00000,0x00000000ead80000)
  from space 512K, 99% used [0x00000000eae80000,0x00000000eaefeff0,0x00000000eaf00000)
  to   space 3072K, 0% used [0x00000000eb080000,0x00000000eb080000,0x00000000eb380000)
 ParOldGen       total 261120K, used 258454K [0x00000000c0000000, 0x00000000cff00000, 0x00000000eab00000)
  object space 261120K, 98% used [0x00000000c0000000,0x00000000cfc65aa0,0x00000000cff00000)
 Metaspace       used 93007K, committed 94144K, reserved 1179648K
  class space    used 9062K, committed 9600K, reserved 1048576K
}
Event: 2980.855 GC heap before
{Heap before GC invocations=16285 (full 369):
 PSYoungGen      total 3072K, used 2961K [0x00000000eab00000, 0x00000000eb380000, 0x0000000100000000)
  eden space 2560K, 95% used [0x00000000eab00000,0x00000000ead65620,0x00000000ead80000)
  from space 512K, 99% used [0x00000000eae80000,0x00000000eaefeff0,0x00000000eaf00000)
  to   space 3072K, 0% used [0x00000000eb080000,0x00000000eb080000,0x00000000eb380000)
 ParOldGen       total 261120K, used 258454K [0x00000000c0000000, 0x00000000cff00000, 0x00000000eab00000)
  object space 261120K, 98% used [0x00000000c0000000,0x00000000cfc65aa0,0x00000000cff00000)
 Metaspace       used 93007K, committed 94144K, reserved 1179648K
  class space    used 9062K, committed 9600K, reserved 1048576K
}
Event: 2980.857 GC heap after
{Heap after GC invocations=16285 (full 369):
 PSYoungGen      total 5632K, used 1900K [0x00000000eab00000, 0x00000000eb300000, 0x0000000100000000)
  eden space 3072K, 0% used [0x00000000eab00000,0x00000000eab00000,0x00000000eae00000)
  from space 2560K, 74% used [0x00000000eb080000,0x00000000eb25b158,0x00000000eb300000)
  to   space 2560K, 0% used [0x00000000eae00000,0x00000000eae00000,0x00000000eb080000)
 ParOldGen       total 261120K, used 260130K [0x00000000c0000000, 0x00000000cff00000, 0x00000000eab00000)
  object space 261120K, 99% used [0x00000000c0000000,0x00000000cfe08bf8,0x00000000cff00000)
 Metaspace       used 93007K, committed 94144K, reserved 1179648K
  class space    used 9062K, committed 9600K, reserved 1048576K
}
Event: 2980.857 GC heap before
{Heap before GC invocations=16286 (full 370):
 PSYoungGen      total 5632K, used 1900K [0x00000000eab00000, 0x00000000eb300000, 0x0000000100000000)
  eden space 3072K, 0% used [0x00000000eab00000,0x00000000eab00000,0x00000000eae00000)
  from space 2560K, 74% used [0x00000000eb080000,0x00000000eb25b158,0x00000000eb300000)
  to   space 2560K, 0% used [0x00000000eae00000,0x00000000eae00000,0x00000000eb080000)
 ParOldGen       total 261120K, used 260130K [0x00000000c0000000, 0x00000000cff00000, 0x00000000eab00000)
  object space 261120K, 99% used [0x00000000c0000000,0x00000000cfe08bf8,0x00000000cff00000)
 Metaspace       used 93007K, committed 94144K, reserved 1179648K
  class space    used 9062K, committed 9600K, reserved 1048576K
}

Dll operation events (11 events):
Event: 0.013 Loaded shared library c:\Users\ysfak\.vscode\extensions\redhat.java-1.18.0-win32-x64\jre\17.0.7-win32-x86_64\bin\java.dll
Event: 0.263 Loaded shared library c:\Users\ysfak\.vscode\extensions\redhat.java-1.18.0-win32-x64\jre\17.0.7-win32-x86_64\bin\zip.dll
Event: 0.267 Loaded shared library C:\Users\ysfak\.vscode\extensions\redhat.java-1.18.0-win32-x64\jre\17.0.7-win32-x86_64\bin\instrument.dll
Event: 0.289 Loaded shared library C:\Users\ysfak\.vscode\extensions\redhat.java-1.18.0-win32-x64\jre\17.0.7-win32-x86_64\bin\net.dll
Event: 0.297 Loaded shared library C:\Users\ysfak\.vscode\extensions\redhat.java-1.18.0-win32-x64\jre\17.0.7-win32-x86_64\bin\nio.dll
Event: 0.316 Loaded shared library C:\Users\ysfak\.vscode\extensions\redhat.java-1.18.0-win32-x64\jre\17.0.7-win32-x86_64\bin\zip.dll
Event: 0.335 Loaded shared library C:\Users\ysfak\.vscode\extensions\redhat.java-1.18.0-win32-x64\jre\17.0.7-win32-x86_64\bin\jimage.dll
Event: 0.411 Loaded shared library c:\Users\ysfak\.vscode\extensions\redhat.java-1.18.0-win32-x64\jre\17.0.7-win32-x86_64\bin\verify.dll
Event: 1.622 Loaded shared library C:\Users\ysfak\AppData\Roaming\Code\User\globalStorage\redhat.java\1.18.0\config_win\org.eclipse.equinox.launcher\org.eclipse.equinox.launcher.win32.win32.x86_64_1.2.700.v20221108-1024\eclipse_11801.dll
Event: 3.139 Loaded shared library C:\Users\ysfak\AppData\Local\Temp\jna-115273142\jna2305161623889660277.dll
Event: 319.832 Loaded shared library C:\Users\ysfak\.vscode\extensions\redhat.java-1.18.0-win32-x64\jre\17.0.7-win32-x86_64\bin\sunmscapi.dll

Deoptimization events (20 events):
Event: 2963.909 Thread 0x000001a38a7b8840 Uncommon trap: trap_request=0xffffffc6 fr.pc=0x000001a3f8c9ab0c relative=0x00000000000024ac
Event: 2963.909 Thread 0x000001a38a7b8840 Uncommon trap: reason=bimorphic_or_optimized_type_check action=maybe_recompile pc=0x000001a3f8c9ab0c method=org.eclipse.jdt.internal.compiler.parser.AbstractCommentParser.parseParam()Z @ 195 c2
Event: 2963.909 Thread 0x000001a38a7b8840 DEOPT PACKING pc=0x000001a3f8c9ab0c sp=0x0000003194dfe2c0
Event: 2963.909 Thread 0x000001a38a7b8840 DEOPT UNPACKING pc=0x000001a3f70666a3 sp=0x0000003194dfe240 mode 2
Event: 2963.909 Thread 0x000001a38a7b8840 Uncommon trap: trap_request=0xffffffc6 fr.pc=0x000001a3f8c8e544 relative=0x0000000000001644
Event: 2963.909 Thread 0x000001a38a7b8840 Uncommon trap: reason=bimorphic_or_optimized_type_check action=maybe_recompile pc=0x000001a3f8c8e544 method=org.eclipse.jdt.internal.compiler.parser.AbstractCommentParser.readTokenAndConsume()I @ 1 c2
Event: 2963.909 Thread 0x000001a38a7b8840 DEOPT PACKING pc=0x000001a3f8c8e544 sp=0x0000003194dfe200
Event: 2963.909 Thread 0x000001a38a7b8840 DEOPT UNPACKING pc=0x000001a3f70666a3 sp=0x0000003194dfe1c8 mode 2
Event: 2963.909 Thread 0x000001a38a7b8840 Uncommon trap: trap_request=0xffffff66 fr.pc=0x000001a3f8dc4e10 relative=0x0000000000001e70
Event: 2963.909 Thread 0x000001a38a7b8840 Uncommon trap: reason=speculate_class_check action=maybe_recompile pc=0x000001a3f8dc4e10 method=org.eclipse.jdt.internal.compiler.parser.JavadocParser.parseTag(I)Z @ 1414 c2
Event: 2963.909 Thread 0x000001a38a7b8840 DEOPT PACKING pc=0x000001a3f8dc4e10 sp=0x0000003194dfe3b0
Event: 2963.909 Thread 0x000001a38a7b8840 DEOPT UNPACKING pc=0x000001a3f70666a3 sp=0x0000003194dfe360 mode 2
Event: 2963.909 Thread 0x000001a38a7b8840 Uncommon trap: trap_request=0xffffffc6 fr.pc=0x000001a3f8c9ab0c relative=0x00000000000024ac
Event: 2963.909 Thread 0x000001a38a7b8840 Uncommon trap: reason=bimorphic_or_optimized_type_check action=maybe_recompile pc=0x000001a3f8c9ab0c method=org.eclipse.jdt.internal.compiler.parser.AbstractCommentParser.parseParam()Z @ 195 c2
Event: 2963.909 Thread 0x000001a38a7b8840 DEOPT PACKING pc=0x000001a3f8c9ab0c sp=0x0000003194dfe2c0
Event: 2963.909 Thread 0x000001a38a7b8840 DEOPT UNPACKING pc=0x000001a3f70666a3 sp=0x0000003194dfe240 mode 2
Event: 2963.909 Thread 0x000001a38a7b8840 Uncommon trap: trap_request=0xffffffc6 fr.pc=0x000001a3f8c8e544 relative=0x0000000000001644
Event: 2963.909 Thread 0x000001a38a7b8840 Uncommon trap: reason=bimorphic_or_optimized_type_check action=maybe_recompile pc=0x000001a3f8c8e544 method=org.eclipse.jdt.internal.compiler.parser.AbstractCommentParser.readTokenAndConsume()I @ 1 c2
Event: 2963.909 Thread 0x000001a38a7b8840 DEOPT PACKING pc=0x000001a3f8c8e544 sp=0x0000003194dfe200
Event: 2963.909 Thread 0x000001a38a7b8840 DEOPT UNPACKING pc=0x000001a3f70666a3 sp=0x0000003194dfe1c8 mode 2

Classes unloaded (20 events):
Event: 857.628 Thread 0x000001a386020c20 Unloading class 0x00000001001d1000 'jdk/internal/reflect/GeneratedConstructorAccessor4'
Event: 857.628 Thread 0x000001a386020c20 Unloading class 0x00000001001a2800 'java/lang/invoke/LambdaForm$MH+0x00000001001a2800'
Event: 857.628 Thread 0x000001a386020c20 Unloading class 0x00000001001a2000 'java/lang/invoke/LambdaForm$MH+0x00000001001a2000'
Event: 857.628 Thread 0x000001a386020c20 Unloading class 0x00000001001a1c00 'java/lang/invoke/LambdaForm$MH+0x00000001001a1c00'
Event: 857.628 Thread 0x000001a386020c20 Unloading class 0x00000001001a1800 'java/lang/invoke/LambdaForm$MH+0x00000001001a1800'
Event: 857.628 Thread 0x000001a386020c20 Unloading class 0x00000001001a1000 'java/lang/invoke/LambdaForm$MH+0x00000001001a1000'
Event: 857.628 Thread 0x000001a386020c20 Unloading class 0x00000001001a0c00 'java/lang/invoke/LambdaForm$MH+0x00000001001a0c00'
Event: 857.628 Thread 0x000001a386020c20 Unloading class 0x00000001001a0800 'java/lang/invoke/LambdaForm$MH+0x00000001001a0800'
Event: 857.628 Thread 0x000001a386020c20 Unloading class 0x00000001001a0000 'java/lang/invoke/LambdaForm$MH+0x00000001001a0000'
Event: 857.628 Thread 0x000001a386020c20 Unloading class 0x0000000100129000 'jdk/internal/reflect/GeneratedMethodAccessor5'
Event: 857.628 Thread 0x000001a386020c20 Unloading class 0x0000000100128c00 'jdk/internal/reflect/GeneratedMethodAccessor4'
Event: 857.628 Thread 0x000001a386020c20 Unloading class 0x0000000100128800 'jdk/internal/reflect/GeneratedMethodAccessor3'
Event: 857.628 Thread 0x000001a386020c20 Unloading class 0x0000000100128400 'jdk/internal/reflect/GeneratedMethodAccessor2'
Event: 857.628 Thread 0x000001a386020c20 Unloading class 0x0000000100128000 'jdk/internal/reflect/GeneratedMethodAccessor1'
Event: 1161.349 Thread 0x000001a386020c20 Unloading class 0x000000010088c000 'jdk/internal/reflect/GeneratedConstructorAccessor43'
Event: 1161.349 Thread 0x000001a386020c20 Unloading class 0x0000000100869400 'jdk/internal/reflect/GeneratedConstructorAccessor42'
Event: 1161.349 Thread 0x000001a386020c20 Unloading class 0x0000000100869000 'jdk/internal/reflect/GeneratedConstructorAccessor41'
Event: 1161.349 Thread 0x000001a386020c20 Unloading class 0x0000000100868800 'jdk/internal/reflect/GeneratedConstructorAccessor39'
Event: 1161.349 Thread 0x000001a386020c20 Unloading class 0x0000000100868400 'jdk/internal/reflect/GeneratedConstructorAccessor38'
Event: 1161.349 Thread 0x000001a386020c20 Unloading class 0x0000000100868000 'jdk/internal/reflect/GeneratedConstructorAccessor37'

Classes redefined (0 events):
No events

Internal exceptions (20 events):
Event: 2811.384 Thread 0x000001a38a3d39a0 Exception <a 'java/lang/ClassNotFoundException'{0x00000000eab5a060}: sun/net/www/protocol/jdt/Handler> (0x00000000eab5a060) 
thrown [s\src\hotspot\share\classfile\systemDictionary.cpp, line 256]
Event: 2811.384 Thread 0x000001a38a3d39a0 Exception <a 'java/lang/ClassNotFoundException'{0x00000000eab5c388}: sun/net/www/protocol/jdt/Handler> (0x00000000eab5c388) 
thrown [s\src\hotspot\share\classfile\systemDictionary.cpp, line 256]
Event: 2813.127 Thread 0x000001a387eac880 Exception <a 'sun/nio/fs/WindowsException'{0x00000000eacd1a10}> (0x00000000eacd1a10) 
thrown [s\src\hotspot\share\prims\jni.cpp, line 516]
Event: 2813.269 Thread 0x000001a387eac880 Exception <a 'sun/nio/fs/WindowsException'{0x00000000eabfd170}> (0x00000000eabfd170) 
thrown [s\src\hotspot\share\prims\jni.cpp, line 516]
Event: 2815.145 Thread 0x000001a38b186c50 Exception <a 'sun/nio/fs/WindowsException'{0x00000000eac707a8}> (0x00000000eac707a8) 
thrown [s\src\hotspot\share\prims\jni.cpp, line 516]
Event: 2819.227 Thread 0x000001a387eac880 Exception <a 'sun/nio/fs/WindowsException'{0x00000000ead0f990}> (0x00000000ead0f990) 
thrown [s\src\hotspot\share\prims\jni.cpp, line 516]
Event: 2819.398 Thread 0x000001a387eac880 Exception <a 'sun/nio/fs/WindowsException'{0x00000000eab872d8}> (0x00000000eab872d8) 
thrown [s\src\hotspot\share\prims\jni.cpp, line 516]
Event: 2821.599 Thread 0x000001a387eac880 Exception <a 'sun/nio/fs/WindowsException'{0x00000000eab1a980}> (0x00000000eab1a980) 
thrown [s\src\hotspot\share\prims\jni.cpp, line 516]
Event: 2821.673 Thread 0x000001a387eac880 Exception <a 'sun/nio/fs/WindowsException'{0x00000000eab9c2b8}> (0x00000000eab9c2b8) 
thrown [s\src\hotspot\share\prims\jni.cpp, line 516]
Event: 2826.410 Thread 0x000001a387eac880 Exception <a 'sun/nio/fs/WindowsException'{0x00000000eacb0ac0}> (0x00000000eacb0ac0) 
thrown [s\src\hotspot\share\prims\jni.cpp, line 516]
Event: 2826.487 Thread 0x000001a387eac880 Exception <a 'sun/nio/fs/WindowsException'{0x00000000eac6e548}> (0x00000000eac6e548) 
thrown [s\src\hotspot\share\prims\jni.cpp, line 516]
Event: 2828.180 Thread 0x000001a38b186c50 Exception <a 'sun/nio/fs/WindowsException'{0x00000000eabee7e8}> (0x00000000eabee7e8) 
thrown [s\src\hotspot\share\prims\jni.cpp, line 516]
Event: 2954.478 Thread 0x000001a38a7b8840 Exception <a 'java/lang/ClassNotFoundException'{0x00000000eaca88d8}: sun/net/www/protocol/jdt/Handler> (0x00000000eaca88d8) 
thrown [s\src\hotspot\share\classfile\systemDictionary.cpp, line 256]
Event: 2954.478 Thread 0x000001a38a7b8840 Exception <a 'java/lang/ClassNotFoundException'{0x00000000eacab190}: sun/net/www/protocol/jdt/Handler> (0x00000000eacab190) 
thrown [s\src\hotspot\share\classfile\systemDictionary.cpp, line 256]
Event: 2954.478 Thread 0x000001a38a7b8840 Exception <a 'java/lang/ClassNotFoundException'{0x00000000eacada88}: sun/net/www/protocol/jdt/Handler> (0x00000000eacada88) 
thrown [s\src\hotspot\share\classfile\systemDictionary.cpp, line 256]
Event: 2954.478 Thread 0x000001a38a7b8840 Exception <a 'java/lang/ClassNotFoundException'{0x00000000eacb0328}: sun/net/www/protocol/jdt/Handler> (0x00000000eacb0328) 
thrown [s\src\hotspot\share\classfile\systemDictionary.cpp, line 256]
Event: 2959.479 Thread 0x000001a38a7b8840 Exception <a 'java/lang/ClassNotFoundException'{0x00000000eae3f3d8}: sun/net/www/protocol/jdt/Handler> (0x00000000eae3f3d8) 
thrown [s\src\hotspot\share\classfile\systemDictionary.cpp, line 256]
Event: 2959.479 Thread 0x000001a38a7b8840 Exception <a 'java/lang/ClassNotFoundException'{0x00000000eae41c90}: sun/net/www/protocol/jdt/Handler> (0x00000000eae41c90) 
thrown [s\src\hotspot\share\classfile\systemDictionary.cpp, line 256]
Event: 2959.479 Thread 0x000001a38a7b8840 Exception <a 'java/lang/ClassNotFoundException'{0x00000000eae44588}: sun/net/www/protocol/jdt/Handler> (0x00000000eae44588) 
thrown [s\src\hotspot\share\classfile\systemDictionary.cpp, line 256]
Event: 2959.479 Thread 0x000001a38a7b8840 Exception <a 'java/lang/ClassNotFoundException'{0x00000000eae46e28}: sun/net/www/protocol/jdt/Handler> (0x00000000eae46e28) 
thrown [s\src\hotspot\share\classfile\systemDictionary.cpp, line 256]

VM Operations (20 events):
Event: 2980.767 Executing VM operation: ParallelGCFailedAllocation done
Event: 2980.789 Executing VM operation: ParallelGCFailedAllocation
Event: 2980.791 Executing VM operation: ParallelGCFailedAllocation done
Event: 2980.807 Executing VM operation: ParallelGCFailedAllocation
Event: 2980.809 Executing VM operation: ParallelGCFailedAllocation done
Event: 2980.814 Executing VM operation: ParallelGCFailedAllocation
Event: 2980.815 Executing VM operation: ParallelGCFailedAllocation done
Event: 2980.823 Executing VM operation: ParallelGCFailedAllocation
Event: 2980.824 Executing VM operation: ParallelGCFailedAllocation done
Event: 2980.827 Executing VM operation: ParallelGCFailedAllocation
Event: 2980.828 Executing VM operation: ParallelGCFailedAllocation done
Event: 2980.835 Executing VM operation: ParallelGCFailedAllocation
Event: 2980.836 Executing VM operation: ParallelGCFailedAllocation done
Event: 2980.841 Executing VM operation: ParallelGCFailedAllocation
Event: 2980.842 Executing VM operation: ParallelGCFailedAllocation done
Event: 2980.847 Executing VM operation: ParallelGCFailedAllocation
Event: 2980.848 Executing VM operation: ParallelGCFailedAllocation done
Event: 2980.852 Executing VM operation: ParallelGCFailedAllocation
Event: 2980.853 Executing VM operation: ParallelGCFailedAllocation done
Event: 2980.855 Executing VM operation: ParallelGCFailedAllocation

Events (20 events):
Event: 2963.931 Thread 0x000001a3860c56a0 flushing nmethod 0x000001a3f0bdc710
Event: 2963.931 Thread 0x000001a3860c56a0 flushing nmethod 0x000001a3f0c7c410
Event: 2963.931 Thread 0x000001a3860c56a0 flushing nmethod 0x000001a3f0cb8e90
Event: 2963.931 Thread 0x000001a3860c56a0 flushing nmethod 0x000001a3f0d36490
Event: 2963.932 Thread 0x000001a3860c56a0 flushing nmethod 0x000001a3f0ec0f10
Event: 2963.934 Thread 0x000001a3860c56a0 flushing nmethod 0x000001a3f120b710
Event: 2963.935 Thread 0x000001a3860c56a0 flushing nmethod 0x000001a3f15a4c10
Event: 2963.936 Thread 0x000001a3860c56a0 flushing nmethod 0x000001a3f1609690
Event: 2963.936 Thread 0x000001a3860c56a0 flushing nmethod 0x000001a3f1765110
Event: 2963.937 Thread 0x000001a3860c56a0 flushing nmethod 0x000001a3f18a6d10
Event: 2963.937 Thread 0x000001a3860c56a0 flushing nmethod 0x000001a3f194d690
Event: 2963.937 Thread 0x000001a3860c56a0 flushing nmethod 0x000001a3f1a30e10
Event: 2963.937 Thread 0x000001a3860c56a0 flushing nmethod 0x000001a3f1a79410
Event: 2963.939 Thread 0x000001a3860c56a0 flushing nmethod 0x000001a3f1e6a110
Event: 2963.939 Thread 0x000001a3860c56a0 flushing nmethod 0x000001a3f1fda610
Event: 2963.939 Thread 0x000001a3860c56a0 flushing nmethod 0x000001a3f2011b10
Event: 2963.940 Thread 0x000001a3860c56a0 flushing nmethod 0x000001a3f207b990
Event: 2963.940 Thread 0x000001a3860c56a0 flushing nmethod 0x000001a3f20cfc10
Event: 2963.940 Thread 0x000001a3860c56a0 flushing nmethod 0x000001a3f2107b90
Event: 2970.868 Thread 0x000001a38b186c50 Thread exited: 0x000001a38b186c50


Dynamic libraries:
0x00007ff62ea40000 - 0x00007ff62ea4e000 	c:\Users\ysfak\.vscode\extensions\redhat.java-1.18.0-win32-x64\jre\17.0.7-win32-x86_64\bin\java.exe
0x00007ff806fd0000 - 0x00007ff8071e4000 	C:\WINDOWS\SYSTEM32\ntdll.dll
0x00007ff805370000 - 0x00007ff805432000 	C:\WINDOWS\System32\KERNEL32.DLL
0x00007ff804670000 - 0x00007ff804a13000 	C:\WINDOWS\System32\KERNELBASE.dll
0x00007ff804bf0000 - 0x00007ff804d01000 	C:\WINDOWS\System32\ucrtbase.dll
0x00007ffff3490000 - 0x00007ffff34a7000 	c:\Users\ysfak\.vscode\extensions\redhat.java-1.18.0-win32-x64\jre\17.0.7-win32-x86_64\bin\jli.dll
0x00007ff806ac0000 - 0x00007ff806c6b000 	C:\WINDOWS\System32\USER32.dll
0x00007ffff33f0000 - 0x00007ffff3409000 	c:\Users\ysfak\.vscode\extensions\redhat.java-1.18.0-win32-x64\jre\17.0.7-win32-x86_64\bin\VCRUNTIME140.dll
0x00007ff804aa0000 - 0x00007ff804ac6000 	C:\WINDOWS\System32\win32u.dll
0x00007ff806ee0000 - 0x00007ff806f09000 	C:\WINDOWS\System32\GDI32.dll
0x00007fffe7740000 - 0x00007fffe79ce000 	C:\WINDOWS\WinSxS\amd64_microsoft.windows.common-controls_6595b64144ccf1df_6.0.22621.1635_none_270f70857386168e\COMCTL32.dll
0x00007ff804dd0000 - 0x00007ff804e77000 	C:\WINDOWS\System32\msvcrt.dll
0x00007ff804ad0000 - 0x00007ff804be8000 	C:\WINDOWS\System32\gdi32full.dll
0x00007ff8045d0000 - 0x00007ff80466a000 	C:\WINDOWS\System32\msvcp_win.dll
0x00007ff805800000 - 0x00007ff805831000 	C:\WINDOWS\System32\IMM32.DLL
0x00007fffff900000 - 0x00007fffff90c000 	c:\Users\ysfak\.vscode\extensions\redhat.java-1.18.0-win32-x64\jre\17.0.7-win32-x86_64\bin\vcruntime140_1.dll
0x00007fffb1440000 - 0x00007fffb14d1000 	c:\Users\ysfak\.vscode\extensions\redhat.java-1.18.0-win32-x64\jre\17.0.7-win32-x86_64\bin\msvcp140.dll
0x00007fff83910000 - 0x00007fff84558000 	c:\Users\ysfak\.vscode\extensions\redhat.java-1.18.0-win32-x64\jre\17.0.7-win32-x86_64\bin\server\jvm.dll
0x00007ff806a10000 - 0x00007ff806abe000 	C:\WINDOWS\System32\ADVAPI32.dll
0x00007ff805990000 - 0x00007ff805a34000 	C:\WINDOWS\System32\sechost.dll
0x00007ff8056c0000 - 0x00007ff8057d7000 	C:\WINDOWS\System32\RPCRT4.dll
0x00007fffe2e80000 - 0x00007fffe2e89000 	C:\WINDOWS\SYSTEM32\WSOCK32.dll
0x00007ff806f10000 - 0x00007ff806f81000 	C:\WINDOWS\System32\WS2_32.dll
0x00007ffffda00000 - 0x00007ffffda34000 	C:\WINDOWS\SYSTEM32\WINMM.dll
0x00007ffffd590000 - 0x00007ffffd59a000 	C:\WINDOWS\SYSTEM32\VERSION.dll
0x00007ff803530000 - 0x00007ff803548000 	C:\WINDOWS\SYSTEM32\kernel.appcore.dll
0x00007fffff0d0000 - 0x00007fffff0da000 	c:\Users\ysfak\.vscode\extensions\redhat.java-1.18.0-win32-x64\jre\17.0.7-win32-x86_64\bin\jimage.dll
0x00007ff801710000 - 0x00007ff80193e000 	C:\WINDOWS\SYSTEM32\DBGHELP.DLL
0x00007ff804ed0000 - 0x00007ff805259000 	C:\WINDOWS\System32\combase.dll
0x00007ff805840000 - 0x00007ff805917000 	C:\WINDOWS\System32\OLEAUT32.dll
0x00007fffe7700000 - 0x00007fffe7732000 	C:\WINDOWS\SYSTEM32\dbgcore.DLL
0x00007ff804a20000 - 0x00007ff804a9b000 	C:\WINDOWS\System32\bcryptPrimitives.dll
0x00007ffffdd00000 - 0x00007ffffdd0e000 	c:\Users\ysfak\.vscode\extensions\redhat.java-1.18.0-win32-x64\jre\17.0.7-win32-x86_64\bin\instrument.dll
0x00007fffdd710000 - 0x00007fffdd735000 	c:\Users\ysfak\.vscode\extensions\redhat.java-1.18.0-win32-x64\jre\17.0.7-win32-x86_64\bin\java.dll
0x00007fffeb0d0000 - 0x00007fffeb0e8000 	c:\Users\ysfak\.vscode\extensions\redhat.java-1.18.0-win32-x64\jre\17.0.7-win32-x86_64\bin\zip.dll
0x00007ff805c80000 - 0x00007ff80647a000 	C:\WINDOWS\System32\SHELL32.dll
0x00007ff802400000 - 0x00007ff802cce000 	C:\WINDOWS\SYSTEM32\windows.storage.dll
0x00007ff8022c0000 - 0x00007ff8023fe000 	C:\WINDOWS\SYSTEM32\wintypes.dll
0x00007ff8055c0000 - 0x00007ff8056b1000 	C:\WINDOWS\System32\SHCORE.dll
0x00007ff805560000 - 0x00007ff8055be000 	C:\WINDOWS\System32\shlwapi.dll
0x00007ff804320000 - 0x00007ff804341000 	C:\WINDOWS\SYSTEM32\profapi.dll
0x00007fffe2100000 - 0x00007fffe2119000 	C:\Users\ysfak\.vscode\extensions\redhat.java-1.18.0-win32-x64\jre\17.0.7-win32-x86_64\bin\net.dll
0x00007ffffca90000 - 0x00007ffffcbc7000 	C:\WINDOWS\SYSTEM32\WINHTTP.dll
0x00007ff8039a0000 - 0x00007ff803a09000 	C:\WINDOWS\system32\mswsock.dll
0x00007fffe20d0000 - 0x00007fffe20e5000 	C:\Users\ysfak\.vscode\extensions\redhat.java-1.18.0-win32-x64\jre\17.0.7-win32-x86_64\bin\nio.dll
0x00007ffffdcd0000 - 0x00007ffffdce0000 	c:\Users\ysfak\.vscode\extensions\redhat.java-1.18.0-win32-x64\jre\17.0.7-win32-x86_64\bin\verify.dll
0x00007fffd81b0000 - 0x00007fffd81ee000 	C:\Users\ysfak\AppData\Roaming\Code\User\globalStorage\redhat.java\1.18.0\config_win\org.eclipse.equinox.launcher\org.eclipse.equinox.launcher.win32.win32.x86_64_1.2.700.v20221108-1024\eclipse_11801.dll
0x00007ff805ae0000 - 0x00007ff805c7c000 	C:\WINDOWS\System32\ole32.dll
0x00007ff803c10000 - 0x00007ff803c2b000 	C:\WINDOWS\SYSTEM32\CRYPTSP.dll
0x00007ff8034a0000 - 0x00007ff8034d5000 	C:\WINDOWS\system32\rsaenh.dll
0x00007ff803aa0000 - 0x00007ff803ac8000 	C:\WINDOWS\SYSTEM32\USERENV.dll
0x00007ff803dc0000 - 0x00007ff803de8000 	C:\WINDOWS\SYSTEM32\bcrypt.dll
0x00007ff803c00000 - 0x00007ff803c0c000 	C:\WINDOWS\SYSTEM32\CRYPTBASE.dll
0x00007ff802fa0000 - 0x00007ff802fcd000 	C:\WINDOWS\SYSTEM32\IPHLPAPI.DLL
0x00007ff805ad0000 - 0x00007ff805ad9000 	C:\WINDOWS\System32\NSI.dll
0x00007ffffc9a0000 - 0x00007ffffc9b9000 	C:\WINDOWS\SYSTEM32\dhcpcsvc6.DLL
0x00007ffffc8c0000 - 0x00007ffffc8df000 	C:\WINDOWS\SYSTEM32\dhcpcsvc.DLL
0x00007ff803010000 - 0x00007ff803103000 	C:\WINDOWS\SYSTEM32\DNSAPI.dll
0x00007fffd1010000 - 0x00007fffd1055000 	C:\Users\ysfak\AppData\Local\Temp\jna-115273142\jna2305161623889660277.dll
0x00007ff805920000 - 0x00007ff805928000 	C:\WINDOWS\System32\PSAPI.DLL
0x00007fffff990000 - 0x00007fffff99e000 	C:\Users\ysfak\.vscode\extensions\redhat.java-1.18.0-win32-x64\jre\17.0.7-win32-x86_64\bin\sunmscapi.dll
0x00007ff8043f0000 - 0x00007ff804557000 	C:\WINDOWS\System32\CRYPT32.dll
0x00007ff803d90000 - 0x00007ff803dbe000 	C:\WINDOWS\SYSTEM32\ncrypt.dll
0x00007ff803d50000 - 0x00007ff803d87000 	C:\WINDOWS\SYSTEM32\NTASN1.dll
0x00007ffffb460000 - 0x00007ffffb46a000 	C:\Windows\System32\rasadhlp.dll
0x00007ffffb3d0000 - 0x00007ffffb454000 	C:\WINDOWS\System32\fwpuclnt.dll

dbghelp: loaded successfully - version: 4.0.5 - missing functions: none
symbol engine: initialized successfully - sym options: 0x614 - pdb path: .;c:\Users\ysfak\.vscode\extensions\redhat.java-1.18.0-win32-x64\jre\17.0.7-win32-x86_64\bin;C:\WINDOWS\SYSTEM32;C:\WINDOWS\WinSxS\amd64_microsoft.windows.common-controls_6595b64144ccf1df_6.0.22621.1635_none_270f70857386168e;c:\Users\ysfak\.vscode\extensions\redhat.java-1.18.0-win32-x64\jre\17.0.7-win32-x86_64\bin\server;C:\Users\ysfak\AppData\Roaming\Code\User\globalStorage\redhat.java\1.18.0\config_win\org.eclipse.equinox.launcher\org.eclipse.equinox.launcher.win32.win32.x86_64_1.2.700.v20221108-1024;C:\Users\ysfak\AppData\Local\Temp\jna-115273142

VM Arguments:
jvm_args: --add-modules=ALL-SYSTEM --add-opens=java.base/java.util=ALL-UNNAMED --add-opens=java.base/java.lang=ALL-UNNAMED --add-opens=java.base/sun.nio.fs=ALL-UNNAMED -Declipse.application=org.eclipse.jdt.ls.core.id1 -Dosgi.bundles.defaultStartLevel=4 -Declipse.product=org.eclipse.jdt.ls.core.product -Djava.import.generatesMetadataFilesAtProjectRoot=false -Dfile.encoding=utf8 -XX:+UseParallelGC -XX:GCTimeRatio=4 -XX:AdaptiveSizePolicyWeight=90 -Dsun.zip.disableMemoryMapping=true -Xmx1G -Xms100m -Xlog:disable -javaagent:c:\Users\ysfak\.vscode\extensions\redhat.java-1.18.0-win32-x64\lombok\lombok-1.18.27.jar -XX:+HeapDumpOnOutOfMemoryError -XX:HeapDumpPath=c:\Users\ysfak\AppData\Roaming\Code\User\workspaceStorage\ca28efd1694e7da4bbca29c777e59bae\redhat.java -Daether.dependencyCollector.impl=bf 
java_command: c:\Users\ysfak\.vscode\extensions\redhat.java-1.18.0-win32-x64\server\plugins\org.eclipse.equinox.launcher_1.6.400.v20210924-0641.jar -configuration c:\Users\ysfak\AppData\Roaming\Code\User\globalStorage\redhat.java\1.18.0\config_win -data c:\Users\ysfak\AppData\Roaming\Code\User\workspaceStorage\ca28efd1694e7da4bbca29c777e59bae\redhat.java\jdt_ws
java_class_path (initial): c:\Users\ysfak\.vscode\extensions\redhat.java-1.18.0-win32-x64\server\plugins\org.eclipse.equinox.launcher_1.6.400.v20210924-0641.jar
Launcher Type: SUN_STANDARD

[Global flags]
    uintx AdaptiveSizePolicyWeight                 = 90                                        {product} {command line}
     intx CICompilerCount                          = 4                                         {product} {ergonomic}
    uintx GCTimeRatio                              = 4                                         {product} {command line}
     bool HeapDumpOnOutOfMemoryError               = true                                   {manageable} {command line}
    ccstr HeapDumpPath                             = c:\Users\ysfak\AppData\Roaming\Code\User\workspaceStorage\ca28efd1694e7da4bbca29c777e59bae\redhat.java         {manageable} {command line}
   size_t InitialHeapSize                          = 104857600                                 {product} {command line}
   size_t MaxHeapSize                              = 1073741824                                {product} {command line}
   size_t MaxNewSize                               = 357564416                                 {product} {ergonomic}
   size_t MinHeapDeltaBytes                        = 524288                                    {product} {ergonomic}
   size_t MinHeapSize                              = 104857600                                 {product} {command line}
   size_t NewSize                                  = 34603008                                  {product} {ergonomic}
    uintx NonNMethodCodeHeapSize                   = 5839372                                {pd product} {ergonomic}
    uintx NonProfiledCodeHeapSize                  = 122909434                              {pd product} {ergonomic}
   size_t OldSize                                  = 70254592                                  {product} {ergonomic}
    uintx ProfiledCodeHeapSize                     = 122909434                              {pd product} {ergonomic}
    uintx ReservedCodeCacheSize                    = 251658240                              {pd product} {ergonomic}
     bool SegmentedCodeCache                       = true                                      {product} {ergonomic}
   size_t SoftMaxHeapSize                          = 1073741824                             {manageable} {ergonomic}
     bool UseCompressedClassPointers               = true                           {product lp64_product} {ergonomic}
     bool UseCompressedOops                        = true                           {product lp64_product} {ergonomic}
     bool UseLargePagesIndividualAllocation        = false                                  {pd product} {ergonomic}
     bool UseParallelGC                            = true                                      {product} {command line}

Logging:
Log output configuration:
 #0: stdout all=off uptime,level,tags
 #1: stderr all=off uptime,level,tags

Environment Variables:
PATH=C:\Program Files\Common Files\Oracle\Java\javapath;C:\Windows\system32;C:\Windows;C:\Windows\System32\Wbem;C:\Windows\System32\WindowsPowerShell\v1.0\;C:\Windows\System32\OpenSSH\;C:\Program Files (x86)\NVIDIA Corporation\PhysX\Common;C:\Program Files\NVIDIA Corporation\NVIDIA NvDLISR;C:\WINDOWS\system32;C:\WINDOWS;C:\WINDOWS\System32\Wbem;C:\WINDOWS\System32\WindowsPowerShell\v1.0\;C:\WINDOWS\System32\OpenSSH\;C:\Program Files\MATLAB\R2021b\bin;C:\Users\ysfak\AppData\Local\Microsoft\WindowsApps;C:\Users\ysfak\AppData\Local\Programs\Microsoft VS Code\bin;C:\Users\ysfak\AppData\Local\gitkraken\bin;%USERPROFILE%\AppData\Local\Microsoft\WindowsApps;
USERNAME=ysfak
OS=Windows_NT
PROCESSOR_IDENTIFIER=Intel64 Family 6 Model 142 Stepping 12, GenuineIntel
TMP=C:\Users\ysfak\AppData\Local\Temp
TEMP=C:\Users\ysfak\AppData\Local\Temp



---------------  S Y S T E M  ---------------

OS:
 Windows 11 , 64 bit Build 22621 (10.0.22621.1635)
OS uptime: 1 days 17:51 hours

CPU: total 8 (initial active 8) (4 cores per cpu, 2 threads per core) family 6 model 142 stepping 12 microcode 0xea, cx8, cmov, fxsr, ht, mmx, 3dnowpref, sse, sse2, sse3, ssse3, sse4.1, sse4.2, popcnt, lzcnt, tsc, tscinvbit, avx, avx2, aes, erms, clmul, bmi1, bmi2, adx, fma, vzeroupper, clflush, clflushopt

Memory: 4k page, system-wide physical 8072M (1003M free)
TotalPageFile size 15686M (AvailPageFile size 2730M)
current process WorkingSet (physical memory assigned to process): 657M, peak: 805M
current process commit charge ("private bytes"): 609M, peak: 734M

vm_info: OpenJDK 64-Bit Server VM (17.0.7+7) for windows-amd64 JRE (17.0.7+7), built on Apr 18 2023 22:10:42 by "temurin" with MS VC++ 16.7 (VS2019)

END.
